[ 2016-10-15T09:37:43+08:00 ] 118.255.236.112 /fenzhan.php
INFO: [ app_begin ] --START--
INFO: Run Behavior\ReadHtmlCacheBehavior [ RunTime:0.000065s ]
INFO: Run Behavior\CheckLangBehavior [ RunTime:0.000282s ]
INFO: [ app_begin ] --END-- [ RunTime:0.000411s ]

[ 2016-10-15T09:37:43+08:00 ] 118.255.236.112 /fenzhan.php/Public/login.html
INFO: [ app_begin ] --START--
INFO: Run Behavior\ReadHtmlCacheBehavior [ RunTime:0.000057s ]
INFO: Run Behavior\CheckLangBehavior [ RunTime:0.000201s ]
INFO: [ app_begin ] --END-- [ RunTime:0.000315s ]
INFO: [ view_parse ] --START--
INFO: [ template_filter ] --START--
INFO: Run Behavior\ContentReplaceBehavior [ RunTime:0.000039s ]
INFO: [ template_filter ] --END-- [ RunTime:0.000077s ]
INFO: Run Behavior\ParseTemplateBehavior [ RunTime:0.002035s ]
INFO: [ view_parse ] --END-- [ RunTime:0.002073s ]
INFO: [ view_filter ] --START--
INFO: [ view_filter ] --END-- [ RunTime:0.000009s ]
INFO: [ app_end ] --START--
INFO: Run Behavior\ShowPageTraceBehavior [ RunTime:0.000064s ]
INFO: [ app_end ] --END-- [ RunTime:0.000093s ]

[ 2016-10-15T09:37:44+08:00 ] 118.255.236.112 /fenzhan.php/Public/verify/key/login/t/1476466663.html
INFO: [ app_begin ] --START--
INFO: Run Behavior\ReadHtmlCacheBehavior [ RunTime:0.000058s ]
INFO: Run Behavior\CheckLangBehavior [ RunTime:0.000219s ]
INFO: [ app_begin ] --END-- [ RunTime:0.000334s ]

[ 2016-10-15T09:38:08+08:00 ] 118.255.236.112 /fenzhan.php/Public/login.html
INFO: [ app_begin ] --START--
INFO: Run Behavior\ReadHtmlCacheBehavior [ RunTime:0.000101s ]
INFO: Run Behavior\CheckLangBehavior [ RunTime:0.000418s ]
INFO: [ app_begin ] --END-- [ RunTime:0.000612s ]
INFO: [ view_parse ] --START--
INFO: [ template_filter ] --START--
INFO: Run Behavior\ContentReplaceBehavior [ RunTime:0.000054s ]
INFO: [ template_filter ] --END-- [ RunTime:0.000106s ]
INFO: Run Behavior\ParseTemplateBehavior [ RunTime:0.002400s ]
INFO: [ view_parse ] --END-- [ RunTime:0.002458s ]
INFO: [ view_filter ] --START--
INFO: [ view_filter ] --END-- [ RunTime:0.000010s ]
INFO: [ app_end ] --START--
INFO: Run Behavior\ShowPageTraceBehavior [ RunTime:0.000068s ]
INFO: [ app_end ] --END-- [ RunTime:0.000100s ]

[ 2016-10-15T09:38:08+08:00 ] 118.255.236.112 /fenzhan.php/Public/verify/key/login/t/1476466688.html
INFO: [ app_begin ] --START--
INFO: Run Behavior\ReadHtmlCacheBehavior [ RunTime:0.000056s ]
INFO: Run Behavior\CheckLangBehavior [ RunTime:0.000203s ]
INFO: [ app_begin ] --END-- [ RunTime:0.000314s ]

[ 2016-10-15T09:38:25+08:00 ] 118.255.236.112 /fenzhan.php/Public/login.html
INFO: [ app_begin ] --START--
INFO: Run Behavior\ReadHtmlCacheBehavior [ RunTime:0.000062s ]
INFO: Run Behavior\CheckLangBehavior [ RunTime:0.000252s ]
INFO: [ app_begin ] --END-- [ RunTime:0.000373s ]
ERR: 1146:Table 'pgw.pgw_fenzhan_user' doesn't exist
 [ SQL语句 ] : SHOW COLUMNS FROM `pgw_fenzhan_user`
ERR: 1146:Table 'pgw.pgw_fenzhan_user' doesn't exist
 [ SQL语句 ] : UPDATE `pgw_fenzhan_user` SET `error_times`='0' WHERE `uid` = '12'
ERR: 1146:Table 'pgw.pgw_fenzhan_user' doesn't exist
 [ SQL语句 ] : UPDATE `pgw_fenzhan_user` SET `last_login_time`='1476466705',`error_times`=error_times+1 WHERE `uid` = '12'
INFO: [ view_parse ] --START--
INFO: [ template_filter ] --START--
INFO: Run Behavior\ContentReplaceBehavior [ RunTime:0.000040s ]
INFO: [ template_filter ] --END-- [ RunTime:0.000084s ]
INFO: Run Behavior\ParseTemplateBehavior [ RunTime:0.001797s ]
INFO: [ view_parse ] --END-- [ RunTime:0.001836s ]
INFO: [ view_filter ] --START--
INFO: [ view_filter ] --END-- [ RunTime:0.000010s ]

[ 2016-10-15T09:38:29+08:00 ] 118.255.236.112 /fenzhan.php/Public/login.html
INFO: [ app_begin ] --START--
INFO: Run Behavior\ReadHtmlCacheBehavior [ RunTime:0.000065s ]
INFO: Run Behavior\CheckLangBehavior [ RunTime:0.000207s ]
INFO: [ app_begin ] --END-- [ RunTime:0.000341s ]
INFO: [ view_parse ] --START--
INFO: [ template_filter ] --START--
INFO: Run Behavior\ContentReplaceBehavior [ RunTime:0.000039s ]
INFO: [ template_filter ] --END-- [ RunTime:0.000079s ]
INFO: Run Behavior\ParseTemplateBehavior [ RunTime:0.002012s ]
INFO: [ view_parse ] --END-- [ RunTime:0.002050s ]
INFO: [ view_filter ] --START--
INFO: [ view_filter ] --END-- [ RunTime:0.000009s ]
INFO: [ app_end ] --START--
INFO: Run Behavior\ShowPageTraceBehavior [ RunTime:0.000064s ]
INFO: [ app_end ] --END-- [ RunTime:0.000093s ]

[ 2016-10-15T09:38:29+08:00 ] 118.255.236.112 /fenzhan.php/Public/verify/key/login/t/1476466709.html
INFO: [ app_begin ] --START--
INFO: Run Behavior\ReadHtmlCacheBehavior [ RunTime:0.000058s ]
INFO: Run Behavior\CheckLangBehavior [ RunTime:0.000263s ]
INFO: [ app_begin ] --END-- [ RunTime:0.000385s ]

[ 2016-10-15T09:38:47+08:00 ] 118.255.236.112 /fenzhan.php/Public/login.html
INFO: [ app_begin ] --START--
INFO: Run Behavior\ReadHtmlCacheBehavior [ RunTime:0.000064s ]
INFO: Run Behavior\CheckLangBehavior [ RunTime:0.000262s ]
INFO: [ app_begin ] --END-- [ RunTime:0.000385s ]
ERR: 1146:Table 'pgw.pgw_fenzhan_user' doesn't exist
 [ SQL语句 ] : SHOW COLUMNS FROM `pgw_fenzhan_user`
ERR: 1146:Table 'pgw.pgw_fenzhan_user' doesn't exist
 [ SQL语句 ] : UPDATE `pgw_fenzhan_user` SET `error_times`='0' WHERE `uid` = '12'
ERR: 1146:Table 'pgw.pgw_fenzhan_user' doesn't exist
 [ SQL语句 ] : UPDATE `pgw_fenzhan_user` SET `last_login_time`='1476466727',`error_times`=error_times+1 WHERE `uid` = '12'
INFO: [ view_parse ] --START--
INFO: [ template_filter ] --START--
INFO: Run Behavior\ContentReplaceBehavior [ RunTime:0.000046s ]
INFO: [ template_filter ] --END-- [ RunTime:0.000103s ]
INFO: Run Behavior\ParseTemplateBehavior [ RunTime:0.002205s ]
INFO: [ view_parse ] --END-- [ RunTime:0.002263s ]
INFO: [ view_filter ] --START--
INFO: [ view_filter ] --END-- [ RunTime:0.000012s ]

[ 2016-10-15T09:38:51+08:00 ] 118.255.236.112 /fenzhan.php/Public/login.html
INFO: [ app_begin ] --START--
INFO: Run Behavior\ReadHtmlCacheBehavior [ RunTime:0.000058s ]
INFO: Run Behavior\CheckLangBehavior [ RunTime:0.000207s ]
INFO: [ app_begin ] --END-- [ RunTime:0.000339s ]
INFO: [ view_parse ] --START--
INFO: [ template_filter ] --START--
INFO: Run Behavior\ContentReplaceBehavior [ RunTime:0.000038s ]
INFO: [ template_filter ] --END-- [ RunTime:0.000077s ]
INFO: Run Behavior\ParseTemplateBehavior [ RunTime:0.001985s ]
INFO: [ view_parse ] --END-- [ RunTime:0.002024s ]
INFO: [ view_filter ] --START--
INFO: [ view_filter ] --END-- [ RunTime:0.000010s ]
INFO: [ app_end ] --START--
INFO: Run Behavior\ShowPageTraceBehavior [ RunTime:0.000057s ]
INFO: [ app_end ] --END-- [ RunTime:0.000088s ]

[ 2016-10-15T09:38:51+08:00 ] 118.255.236.112 /fenzhan.php/Public/verify/key/login/t/1476466731.html
INFO: [ app_begin ] --START--
INFO: Run Behavior\ReadHtmlCacheBehavior [ RunTime:0.000058s ]
INFO: Run Behavior\CheckLangBehavior [ RunTime:0.000205s ]
INFO: [ app_begin ] --END-- [ RunTime:0.000320s ]

[ 2016-10-15T09:39:08+08:00 ] 118.255.236.112 /fenzhan.php/Public/login.html
INFO: [ app_begin ] --START--
INFO: Run Behavior\ReadHtmlCacheBehavior [ RunTime:0.000061s ]
INFO: Run Behavior\CheckLangBehavior [ RunTime:0.000232s ]
INFO: [ app_begin ] --END-- [ RunTime:0.000351s ]
ERR: 1146:Table 'pgw.pgw_fenzhan_user' doesn't exist
 [ SQL语句 ] : SHOW COLUMNS FROM `pgw_fenzhan_user`
ERR: 1146:Table 'pgw.pgw_fenzhan_user' doesn't exist
 [ SQL语句 ] : UPDATE `pgw_fenzhan_user` SET `error_times`='0' WHERE `uid` = '12'
ERR: 1146:Table 'pgw.pgw_fenzhan_user' doesn't exist
 [ SQL语句 ] : UPDATE `pgw_fenzhan_user` SET `last_login_time`='1476466748',`error_times`=error_times+1 WHERE `uid` = '12'
INFO: [ view_parse ] --START--
INFO: [ template_filter ] --START--
INFO: Run Behavior\ContentReplaceBehavior [ RunTime:0.000056s ]
INFO: [ template_filter ] --END-- [ RunTime:0.000117s ]
INFO: Run Behavior\ParseTemplateBehavior [ RunTime:0.005569s ]
INFO: [ view_parse ] --END-- [ RunTime:0.005635s ]
INFO: [ view_filter ] --START--
INFO: [ view_filter ] --END-- [ RunTime:0.000011s ]

[ 2016-10-15T09:39:11+08:00 ] 118.255.236.112 /fenzhan.php/Public/login.html
INFO: [ app_begin ] --START--
INFO: Run Behavior\ReadHtmlCacheBehavior [ RunTime:0.000057s ]
INFO: Run Behavior\CheckLangBehavior [ RunTime:0.000200s ]
INFO: [ app_begin ] --END-- [ RunTime:0.000313s ]
INFO: [ view_parse ] --START--
INFO: [ template_filter ] --START--
INFO: Run Behavior\ContentReplaceBehavior [ RunTime:0.000038s ]
INFO: [ template_filter ] --END-- [ RunTime:0.000075s ]
INFO: Run Behavior\ParseTemplateBehavior [ RunTime:0.002076s ]
INFO: [ view_parse ] --END-- [ RunTime:0.002112s ]
INFO: [ view_filter ] --START--
INFO: [ view_filter ] --END-- [ RunTime:0.000010s ]
INFO: [ app_end ] --START--
INFO: Run Behavior\ShowPageTraceBehavior [ RunTime:0.000063s ]
INFO: [ app_end ] --END-- [ RunTime:0.000091s ]

[ 2016-10-15T09:39:11+08:00 ] 118.255.236.112 /fenzhan.php/Public/verify/key/login/t/1476466751.html
INFO: [ app_begin ] --START--
INFO: Run Behavior\ReadHtmlCacheBehavior [ RunTime:0.000064s ]
INFO: Run Behavior\CheckLangBehavior [ RunTime:0.000217s ]
INFO: [ app_begin ] --END-- [ RunTime:0.000353s ]

[ 2016-10-15T09:39:47+08:00 ] 118.255.236.112 /fenzhan.php/Public/login.html
INFO: [ app_begin ] --START--
INFO: Run Behavior\ReadHtmlCacheBehavior [ RunTime:0.000061s ]
INFO: Run Behavior\CheckLangBehavior [ RunTime:0.000216s ]
INFO: [ app_begin ] --END-- [ RunTime:0.000334s ]
ERR: 1146:Table 'pgw.pgw_fenzhan_user' doesn't exist
 [ SQL语句 ] : SHOW COLUMNS FROM `pgw_fenzhan_user`
ERR: 1146:Table 'pgw.pgw_fenzhan_user' doesn't exist
 [ SQL语句 ] : UPDATE `pgw_fenzhan_user` SET `error_times`='0' WHERE `uid` = '12'
ERR: 1146:Table 'pgw.pgw_fenzhan_user' doesn't exist
 [ SQL语句 ] : UPDATE `pgw_fenzhan_user` SET `last_login_time`='1476466787',`error_times`=error_times+1 WHERE `uid` = '12'
INFO: [ view_parse ] --START--
INFO: [ template_filter ] --START--
INFO: Run Behavior\ContentReplaceBehavior [ RunTime:0.000040s ]
INFO: [ template_filter ] --END-- [ RunTime:0.000083s ]
INFO: Run Behavior\ParseTemplateBehavior [ RunTime:0.001812s ]
INFO: [ view_parse ] --END-- [ RunTime:0.001848s ]
INFO: [ view_filter ] --START--
INFO: [ view_filter ] --END-- [ RunTime:0.000010s ]

[ 2016-10-15T09:39:50+08:00 ] 118.255.236.112 /fenzhan.php/Public/login.html
INFO: [ app_begin ] --START--
INFO: Run Behavior\ReadHtmlCacheBehavior [ RunTime:0.000095s ]
INFO: Run Behavior\CheckLangBehavior [ RunTime:0.000360s ]
INFO: [ app_begin ] --END-- [ RunTime:0.000547s ]
INFO: [ view_parse ] --START--
INFO: [ template_filter ] --START--
INFO: Run Behavior\ContentReplaceBehavior [ RunTime:0.000039s ]
INFO: [ template_filter ] --END-- [ RunTime:0.000078s ]
INFO: Run Behavior\ParseTemplateBehavior [ RunTime:0.002864s ]
INFO: [ view_parse ] --END-- [ RunTime:0.002909s ]
INFO: [ view_filter ] --START--
INFO: [ view_filter ] --END-- [ RunTime:0.000010s ]
INFO: [ app_end ] --START--
INFO: Run Behavior\ShowPageTraceBehavior [ RunTime:0.000065s ]
INFO: [ app_end ] --END-- [ RunTime:0.000093s ]

[ 2016-10-15T09:39:50+08:00 ] 118.255.236.112 /fenzhan.php/Public/verify/key/login/t/1476466790.html
INFO: [ app_begin ] --START--
INFO: Run Behavior\ReadHtmlCacheBehavior [ RunTime:0.000058s ]
INFO: Run Behavior\CheckLangBehavior [ RunTime:0.000205s ]
INFO: [ app_begin ] --END-- [ RunTime:0.000321s ]

[ 2016-10-15T09:40:07+08:00 ] 118.255.236.112 /fenzhan.php/Public/login.html
INFO: [ app_begin ] --START--
INFO: Run Behavior\ReadHtmlCacheBehavior [ RunTime:0.000061s ]
INFO: Run Behavior\CheckLangBehavior [ RunTime:0.000214s ]
INFO: [ app_begin ] --END-- [ RunTime:0.000332s ]
ERR: 1146:Table 'pgw.pgw_fenzhan_user' doesn't exist
 [ SQL语句 ] : SHOW COLUMNS FROM `pgw_fenzhan_user`
ERR: 1146:Table 'pgw.pgw_fenzhan_user' doesn't exist
 [ SQL语句 ] : UPDATE `pgw_fenzhan_user` SET `error_times`='0' WHERE `uid` = '12'
ERR: 1146:Table 'pgw.pgw_fenzhan_user' doesn't exist
 [ SQL语句 ] : UPDATE `pgw_fenzhan_user` SET `last_login_time`='1476466807',`error_times`=error_times+1 WHERE `uid` = '12'
INFO: [ view_parse ] --START--
INFO: [ template_filter ] --START--
INFO: Run Behavior\ContentReplaceBehavior [ RunTime:0.000055s ]
INFO: [ template_filter ] --END-- [ RunTime:0.000108s ]
INFO: Run Behavior\ParseTemplateBehavior [ RunTime:0.002314s ]
INFO: [ view_parse ] --END-- [ RunTime:0.002359s ]
INFO: [ view_filter ] --START--
INFO: [ view_filter ] --END-- [ RunTime:0.000017s ]

[ 2016-10-15T09:40:10+08:00 ] 118.255.236.112 /fenzhan.php/Public/login.html
INFO: [ app_begin ] --START--
INFO: Run Behavior\ReadHtmlCacheBehavior [ RunTime:0.000057s ]
INFO: Run Behavior\CheckLangBehavior [ RunTime:0.000234s ]
INFO: [ app_begin ] --END-- [ RunTime:0.000352s ]
INFO: [ view_parse ] --START--
INFO: [ template_filter ] --START--
INFO: Run Behavior\ContentReplaceBehavior [ RunTime:0.000053s ]
INFO: [ template_filter ] --END-- [ RunTime:0.000098s ]
INFO: Run Behavior\ParseTemplateBehavior [ RunTime:0.002065s ]
INFO: [ view_parse ] --END-- [ RunTime:0.002102s ]
INFO: [ view_filter ] --START--
INFO: [ view_filter ] --END-- [ RunTime:0.000009s ]
INFO: [ app_end ] --START--
INFO: Run Behavior\ShowPageTraceBehavior [ RunTime:0.000065s ]
INFO: [ app_end ] --END-- [ RunTime:0.000093s ]

[ 2016-10-15T09:40:10+08:00 ] 118.255.236.112 /fenzhan.php/Public/verify/key/login/t/1476466810.html
INFO: [ app_begin ] --START--
INFO: Run Behavior\ReadHtmlCacheBehavior [ RunTime:0.000060s ]
INFO: Run Behavior\CheckLangBehavior [ RunTime:0.000204s ]
INFO: [ app_begin ] --END-- [ RunTime:0.000322s ]

[ 2016-10-15T09:40:25+08:00 ] 118.255.236.112 /fenzhan.php/Public/login.html
INFO: [ app_begin ] --START--
INFO: Run Behavior\ReadHtmlCacheBehavior [ RunTime:0.000060s ]
INFO: Run Behavior\CheckLangBehavior [ RunTime:0.000292s ]
INFO: [ app_begin ] --END-- [ RunTime:0.000412s ]
ERR: 1146:Table 'pgw.pgw_fenzhan_user' doesn't exist
 [ SQL语句 ] : SHOW COLUMNS FROM `pgw_fenzhan_user`
ERR: 1146:Table 'pgw.pgw_fenzhan_user' doesn't exist
 [ SQL语句 ] : UPDATE `pgw_fenzhan_user` SET `error_times`='0' WHERE `uid` = '12'
ERR: 1146:Table 'pgw.pgw_fenzhan_user' doesn't exist
 [ SQL语句 ] : UPDATE `pgw_fenzhan_user` SET `last_login_time`='1476466824',`error_times`=error_times+1 WHERE `uid` = '12'
INFO: [ view_parse ] --START--
INFO: [ template_filter ] --START--
INFO: Run Behavior\ContentReplaceBehavior [ RunTime:0.000059s ]
INFO: [ template_filter ] --END-- [ RunTime:0.000124s ]
INFO: Run Behavior\ParseTemplateBehavior [ RunTime:0.002362s ]
INFO: [ view_parse ] --END-- [ RunTime:0.002413s ]
INFO: [ view_filter ] --START--
INFO: [ view_filter ] --END-- [ RunTime:0.000018s ]

[ 2016-10-15T09:40:28+08:00 ] 118.255.236.112 /fenzhan.php/Public/login.html
INFO: [ app_begin ] --START--
INFO: Run Behavior\ReadHtmlCacheBehavior [ RunTime:0.000079s ]
INFO: Run Behavior\CheckLangBehavior [ RunTime:0.000237s ]
INFO: [ app_begin ] --END-- [ RunTime:0.000417s ]
INFO: [ view_parse ] --START--
INFO: [ template_filter ] --START--
INFO: Run Behavior\ContentReplaceBehavior [ RunTime:0.000043s ]
INFO: [ template_filter ] --END-- [ RunTime:0.000090s ]
INFO: Run Behavior\ParseTemplateBehavior [ RunTime:0.002071s ]
INFO: [ view_parse ] --END-- [ RunTime:0.002133s ]
INFO: [ view_filter ] --START--
INFO: [ view_filter ] --END-- [ RunTime:0.000010s ]
INFO: [ app_end ] --START--
INFO: Run Behavior\ShowPageTraceBehavior [ RunTime:0.000064s ]
INFO: [ app_end ] --END-- [ RunTime:0.000093s ]

[ 2016-10-15T09:40:28+08:00 ] 118.255.236.112 /fenzhan.php/Public/verify/key/login/t/1476466828.html
INFO: [ app_begin ] --START--
INFO: Run Behavior\ReadHtmlCacheBehavior [ RunTime:0.000059s ]
INFO: Run Behavior\CheckLangBehavior [ RunTime:0.000204s ]
INFO: [ app_begin ] --END-- [ RunTime:0.000345s ]

[ 2016-10-15T09:41:32+08:00 ] 118.255.236.112 /fenzhan.php/Public/login.html
INFO: [ app_begin ] --START--
INFO: Run Behavior\ReadHtmlCacheBehavior [ RunTime:0.000070s ]
INFO: Run Behavior\CheckLangBehavior [ RunTime:0.000227s ]
INFO: [ app_begin ] --END-- [ RunTime:0.000410s ]
ERR: 1146:Table 'pgw.pgw_fenzhan_user' doesn't exist
 [ SQL语句 ] : SHOW COLUMNS FROM `pgw_fenzhan_user`
ERR: 1146:Table 'pgw.pgw_fenzhan_user' doesn't exist
 [ SQL语句 ] : UPDATE `pgw_fenzhan_user` SET `error_times`='0' WHERE `uid` = '12'
ERR: 1146:Table 'pgw.pgw_fenzhan_user' doesn't exist
 [ SQL语句 ] : UPDATE `pgw_fenzhan_user` SET `last_login_time`='1476466892',`error_times`=error_times+1 WHERE `uid` = '12'
INFO: [ view_parse ] --START--
INFO: [ template_filter ] --START--
INFO: Run Behavior\ContentReplaceBehavior [ RunTime:0.000057s ]
INFO: [ template_filter ] --END-- [ RunTime:0.000103s ]
INFO: Run Behavior\ParseTemplateBehavior [ RunTime:0.001935s ]
INFO: [ view_parse ] --END-- [ RunTime:0.001991s ]
INFO: [ view_filter ] --START--
INFO: [ view_filter ] --END-- [ RunTime:0.000014s ]

[ 2016-10-15T09:41:35+08:00 ] 118.255.236.112 /fenzhan.php/Public/login.html
INFO: [ app_begin ] --START--
INFO: Run Behavior\ReadHtmlCacheBehavior [ RunTime:0.000057s ]
INFO: Run Behavior\CheckLangBehavior [ RunTime:0.000233s ]
INFO: [ app_begin ] --END-- [ RunTime:0.000351s ]
INFO: [ view_parse ] --START--
INFO: [ template_filter ] --START--
INFO: Run Behavior\ContentReplaceBehavior [ RunTime:0.000055s ]
INFO: [ template_filter ] --END-- [ RunTime:0.000103s ]
INFO: Run Behavior\ParseTemplateBehavior [ RunTime:0.002260s ]
INFO: [ view_parse ] --END-- [ RunTime:0.002299s ]
INFO: [ view_filter ] --START--
INFO: [ view_filter ] --END-- [ RunTime:0.000012s ]
INFO: [ app_end ] --START--
INFO: Run Behavior\ShowPageTraceBehavior [ RunTime:0.000069s ]
INFO: [ app_end ] --END-- [ RunTime:0.000107s ]

[ 2016-10-15T09:41:35+08:00 ] 118.255.236.112 /fenzhan.php/Public/verify/key/login/t/1476466895.html
INFO: [ app_begin ] --START--
INFO: Run Behavior\ReadHtmlCacheBehavior [ RunTime:0.000096s ]
INFO: Run Behavior\CheckLangBehavior [ RunTime:0.000361s ]
INFO: [ app_begin ] --END-- [ RunTime:0.000553s ]

[ 2016-10-15T09:43:05+08:00 ] 118.255.236.112 /fenzhan.php/Public/login.html
INFO: [ app_begin ] --START--
INFO: Run Behavior\ReadHtmlCacheBehavior [ RunTime:0.000086s ]
INFO: Run Behavior\CheckLangBehavior [ RunTime:0.000358s ]
INFO: [ app_begin ] --END-- [ RunTime:0.000524s ]
ERR: 1146:Table 'pgw.pgw_fenzhan_user' doesn't exist
 [ SQL语句 ] : SHOW COLUMNS FROM `pgw_fenzhan_user`
ERR: 1146:Table 'pgw.pgw_fenzhan_user' doesn't exist
 [ SQL语句 ] : UPDATE `pgw_fenzhan_user` SET `error_times`='0' WHERE `uid` = '12'
ERR: 1146:Table 'pgw.pgw_fenzhan_user' doesn't exist
 [ SQL语句 ] : UPDATE `pgw_fenzhan_user` SET `last_login_time`='1476466985',`error_times`=error_times+1 WHERE `uid` = '12'
INFO: [ view_parse ] --START--
INFO: [ template_filter ] --START--
INFO: Run Behavior\ContentReplaceBehavior [ RunTime:0.000048s ]
INFO: [ template_filter ] --END-- [ RunTime:0.000112s ]
INFO: Run Behavior\ParseTemplateBehavior [ RunTime:0.002455s ]
INFO: [ view_parse ] --END-- [ RunTime:0.002519s ]
INFO: [ view_filter ] --START--
INFO: [ view_filter ] --END-- [ RunTime:0.000014s ]

[ 2016-10-15T09:43:08+08:00 ] 118.255.236.112 /fenzhan.php/Public/login.html
INFO: [ app_begin ] --START--
INFO: Run Behavior\ReadHtmlCacheBehavior [ RunTime:0.000064s ]
INFO: Run Behavior\CheckLangBehavior [ RunTime:0.000210s ]
INFO: [ app_begin ] --END-- [ RunTime:0.000334s ]
INFO: [ view_parse ] --START--
INFO: [ template_filter ] --START--
INFO: Run Behavior\ContentReplaceBehavior [ RunTime:0.000040s ]
INFO: [ template_filter ] --END-- [ RunTime:0.000082s ]
INFO: Run Behavior\ParseTemplateBehavior [ RunTime:0.002119s ]
INFO: [ view_parse ] --END-- [ RunTime:0.002159s ]
INFO: [ view_filter ] --START--
INFO: [ view_filter ] --END-- [ RunTime:0.000010s ]
INFO: [ app_end ] --START--
INFO: Run Behavior\ShowPageTraceBehavior [ RunTime:0.000063s ]
INFO: [ app_end ] --END-- [ RunTime:0.000093s ]

[ 2016-10-15T09:43:08+08:00 ] 118.255.236.112 /fenzhan.php/Public/verify/key/login/t/1476466988.html
INFO: [ app_begin ] --START--
INFO: Run Behavior\ReadHtmlCacheBehavior [ RunTime:0.000056s ]
INFO: Run Behavior\CheckLangBehavior [ RunTime:0.000204s ]
INFO: [ app_begin ] --END-- [ RunTime:0.000317s ]

[ 2016-10-15T09:43:21+08:00 ] 118.255.236.112 /fenzhan.php/Public/login.html
INFO: [ app_begin ] --START--
INFO: Run Behavior\ReadHtmlCacheBehavior [ RunTime:0.000105s ]
INFO: Run Behavior\CheckLangBehavior [ RunTime:0.000382s ]
INFO: [ app_begin ] --END-- [ RunTime:0.000612s ]
INFO: [ view_parse ] --START--
INFO: [ template_filter ] --START--
INFO: Run Behavior\ContentReplaceBehavior [ RunTime:0.000044s ]
INFO: [ template_filter ] --END-- [ RunTime:0.000096s ]
INFO: Run Behavior\ParseTemplateBehavior [ RunTime:0.001729s ]
INFO: [ view_parse ] --END-- [ RunTime:0.001770s ]
INFO: [ view_filter ] --START--
INFO: [ view_filter ] --END-- [ RunTime:0.000010s ]

[ 2016-10-15T09:43:24+08:00 ] 118.255.236.112 /fenzhan.php/Public/login.html
INFO: [ app_begin ] --START--
INFO: Run Behavior\ReadHtmlCacheBehavior [ RunTime:0.000057s ]
INFO: Run Behavior\CheckLangBehavior [ RunTime:0.000219s ]
INFO: [ app_begin ] --END-- [ RunTime:0.000330s ]
INFO: [ view_parse ] --START--
INFO: [ template_filter ] --START--
INFO: Run Behavior\ContentReplaceBehavior [ RunTime:0.000040s ]
INFO: [ template_filter ] --END-- [ RunTime:0.000082s ]
INFO: Run Behavior\ParseTemplateBehavior [ RunTime:0.002305s ]
INFO: [ view_parse ] --END-- [ RunTime:0.002344s ]
INFO: [ view_filter ] --START--
INFO: [ view_filter ] --END-- [ RunTime:0.000010s ]
INFO: [ app_end ] --START--
INFO: Run Behavior\ShowPageTraceBehavior [ RunTime:0.000064s ]
INFO: [ app_end ] --END-- [ RunTime:0.000093s ]

[ 2016-10-15T09:43:24+08:00 ] 118.255.236.112 /fenzhan.php/Public/verify/key/login/t/1476467004.html
INFO: [ app_begin ] --START--
INFO: Run Behavior\ReadHtmlCacheBehavior [ RunTime:0.000061s ]
INFO: Run Behavior\CheckLangBehavior [ RunTime:0.000238s ]
INFO: [ app_begin ] --END-- [ RunTime:0.000368s ]

[ 2016-10-15T09:43:40+08:00 ] 118.255.236.112 /fenzhan.php/Public/login.html
INFO: [ app_begin ] --START--
INFO: Run Behavior\ReadHtmlCacheBehavior [ RunTime:0.000061s ]
INFO: Run Behavior\CheckLangBehavior [ RunTime:0.000332s ]
INFO: [ app_begin ] --END-- [ RunTime:0.000453s ]
ERR: 1146:Table 'pgw.pgw_fenzhan_user' doesn't exist
 [ SQL语句 ] : SHOW COLUMNS FROM `pgw_fenzhan_user`
ERR: 1146:Table 'pgw.pgw_fenzhan_user' doesn't exist
 [ SQL语句 ] : UPDATE `pgw_fenzhan_user` SET `error_times`='0' WHERE `uid` = '12'
ERR: 1146:Table 'pgw.pgw_fenzhan_user' doesn't exist
 [ SQL语句 ] : UPDATE `pgw_fenzhan_user` SET `last_login_time`='1476467020',`error_times`=error_times+1 WHERE `uid` = '12'
INFO: [ view_parse ] --START--
INFO: [ template_filter ] --START--
INFO: Run Behavior\ContentReplaceBehavior [ RunTime:0.000039s ]
INFO: [ template_filter ] --END-- [ RunTime:0.000085s ]
INFO: Run Behavior\ParseTemplateBehavior [ RunTime:0.001893s ]
INFO: [ view_parse ] --END-- [ RunTime:0.001945s ]
INFO: [ view_filter ] --START--
INFO: [ view_filter ] --END-- [ RunTime:0.000010s ]

[ 2016-10-15T09:43:43+08:00 ] 118.255.236.112 /fenzhan.php/Public/login.html
INFO: [ app_begin ] --START--
INFO: Run Behavior\ReadHtmlCacheBehavior [ RunTime:0.000093s ]
INFO: Run Behavior\CheckLangBehavior [ RunTime:0.000347s ]
INFO: [ app_begin ] --END-- [ RunTime:0.000530s ]
INFO: [ view_parse ] --START--
INFO: [ template_filter ] --START--
INFO: Run Behavior\ContentReplaceBehavior [ RunTime:0.000056s ]
INFO: [ template_filter ] --END-- [ RunTime:0.000118s ]
INFO: Run Behavior\ParseTemplateBehavior [ RunTime:0.003220s ]
INFO: [ view_parse ] --END-- [ RunTime:0.003282s ]
INFO: [ view_filter ] --START--
INFO: [ view_filter ] --END-- [ RunTime:0.000018s ]
INFO: [ app_end ] --START--
INFO: Run Behavior\ShowPageTraceBehavior [ RunTime:0.000099s ]
INFO: [ app_end ] --END-- [ RunTime:0.000147s ]

[ 2016-10-15T09:43:43+08:00 ] 118.255.236.112 /fenzhan.php/Public/verify/key/login/t/1476467023.html
INFO: [ app_begin ] --START--
INFO: Run Behavior\ReadHtmlCacheBehavior [ RunTime:0.000157s ]
INFO: Run Behavior\CheckLangBehavior [ RunTime:0.000210s ]
INFO: [ app_begin ] --END-- [ RunTime:0.000429s ]

[ 2016-10-15T09:44:12+08:00 ] 118.255.236.112 /fenzhan.php/Public/verify/key/login.html?t=1476495878989
INFO: [ app_begin ] --START--
INFO: Run Behavior\ReadHtmlCacheBehavior [ RunTime:0.000065s ]
INFO: Run Behavior\CheckLangBehavior [ RunTime:0.000216s ]
INFO: [ app_begin ] --END-- [ RunTime:0.000339s ]

[ 2016-10-15T09:44:21+08:00 ] 118.255.236.112 /fenzhan.php/Public/login.html
INFO: [ app_begin ] --START--
INFO: Run Behavior\ReadHtmlCacheBehavior [ RunTime:0.000061s ]
INFO: Run Behavior\CheckLangBehavior [ RunTime:0.000215s ]
INFO: [ app_begin ] --END-- [ RunTime:0.000333s ]
ERR: 1146:Table 'pgw.pgw_fenzhan_user' doesn't exist
 [ SQL语句 ] : SHOW COLUMNS FROM `pgw_fenzhan_user`
ERR: 1146:Table 'pgw.pgw_fenzhan_user' doesn't exist
 [ SQL语句 ] : UPDATE `pgw_fenzhan_user` SET `error_times`='0' WHERE `uid` = '3'
ERR: 1146:Table 'pgw.pgw_fenzhan_user' doesn't exist
 [ SQL语句 ] : UPDATE `pgw_fenzhan_user` SET `last_login_time`='1476467061',`error_times`='0' WHERE `uid` = '3'
INFO: [ view_parse ] --START--
INFO: [ template_filter ] --START--
INFO: Run Behavior\ContentReplaceBehavior [ RunTime:0.000060s ]
INFO: [ template_filter ] --END-- [ RunTime:0.000148s ]
INFO: Run Behavior\ParseTemplateBehavior [ RunTime:0.002697s ]
INFO: [ view_parse ] --END-- [ RunTime:0.002750s ]
INFO: [ view_filter ] --START--
INFO: [ view_filter ] --END-- [ RunTime:0.000011s ]

[ 2016-10-15T09:44:24+08:00 ] 118.255.236.112 /fenzhan.php/Public/login.html
INFO: [ app_begin ] --START--
INFO: Run Behavior\ReadHtmlCacheBehavior [ RunTime:0.000058s ]
INFO: Run Behavior\CheckLangBehavior [ RunTime:0.000202s ]
INFO: [ app_begin ] --END-- [ RunTime:0.000317s ]
INFO: [ view_parse ] --START--
INFO: [ template_filter ] --START--
INFO: Run Behavior\ContentReplaceBehavior [ RunTime:0.000062s ]
INFO: [ template_filter ] --END-- [ RunTime:0.000133s ]
INFO: Run Behavior\ParseTemplateBehavior [ RunTime:0.002455s ]
INFO: [ view_parse ] --END-- [ RunTime:0.002511s ]
INFO: [ view_filter ] --START--
INFO: [ view_filter ] --END-- [ RunTime:0.000015s ]
INFO: [ app_end ] --START--
INFO: Run Behavior\ShowPageTraceBehavior [ RunTime:0.000098s ]
INFO: [ app_end ] --END-- [ RunTime:0.000132s ]

[ 2016-10-15T09:44:24+08:00 ] 118.255.236.112 /fenzhan.php/Public/verify/key/login/t/1476467064.html
INFO: [ app_begin ] --START--
INFO: Run Behavior\ReadHtmlCacheBehavior [ RunTime:0.000059s ]
INFO: Run Behavior\CheckLangBehavior [ RunTime:0.000211s ]
INFO: [ app_begin ] --END-- [ RunTime:0.000326s ]

[ 2016-10-15T09:44:29+08:00 ] 118.255.236.112 /fenzhan.php/Public/login.html
INFO: [ app_begin ] --START--
INFO: Run Behavior\ReadHtmlCacheBehavior [ RunTime:0.000064s ]
INFO: Run Behavior\CheckLangBehavior [ RunTime:0.000294s ]
INFO: [ app_begin ] --END-- [ RunTime:0.000418s ]
INFO: [ view_parse ] --START--
INFO: [ template_filter ] --START--
INFO: Run Behavior\ContentReplaceBehavior [ RunTime:0.000040s ]
INFO: [ template_filter ] --END-- [ RunTime:0.000094s ]
INFO: Run Behavior\ParseTemplateBehavior [ RunTime:0.002606s ]
INFO: [ view_parse ] --END-- [ RunTime:0.002652s ]
INFO: [ view_filter ] --START--
INFO: [ view_filter ] --END-- [ RunTime:0.000010s ]
INFO: [ app_end ] --START--
INFO: Run Behavior\ShowPageTraceBehavior [ RunTime:0.000088s ]
INFO: [ app_end ] --END-- [ RunTime:0.000120s ]

[ 2016-10-15T09:44:29+08:00 ] 118.255.236.112 /fenzhan.php/Public/verify/key/login/t/1476467069.html
INFO: [ app_begin ] --START--
INFO: Run Behavior\ReadHtmlCacheBehavior [ RunTime:0.000058s ]
INFO: Run Behavior\CheckLangBehavior [ RunTime:0.000232s ]
INFO: [ app_begin ] --END-- [ RunTime:0.000350s ]

[ 2016-10-15T09:44:34+08:00 ] 118.255.236.112 /fenzhan.php/Public/login.html
INFO: [ app_begin ] --START--
INFO: Run Behavior\ReadHtmlCacheBehavior [ RunTime:0.000055s ]
INFO: Run Behavior\CheckLangBehavior [ RunTime:0.000202s ]
INFO: [ app_begin ] --END-- [ RunTime:0.000313s ]
INFO: [ view_parse ] --START--
INFO: [ template_filter ] --START--
INFO: Run Behavior\ContentReplaceBehavior [ RunTime:0.000046s ]
INFO: [ template_filter ] --END-- [ RunTime:0.000090s ]
INFO: Run Behavior\ParseTemplateBehavior [ RunTime:0.002079s ]
INFO: [ view_parse ] --END-- [ RunTime:0.002133s ]
INFO: [ view_filter ] --START--
INFO: [ view_filter ] --END-- [ RunTime:0.000015s ]

[ 2016-10-15T09:44:36+08:00 ] 118.255.236.112 /fenzhan.php/Public/login.html
INFO: [ app_begin ] --START--
INFO: Run Behavior\ReadHtmlCacheBehavior [ RunTime:0.000216s ]
INFO: Run Behavior\CheckLangBehavior [ RunTime:0.000224s ]
INFO: [ app_begin ] --END-- [ RunTime:0.000505s ]
INFO: [ view_parse ] --START--
INFO: [ template_filter ] --START--
INFO: Run Behavior\ContentReplaceBehavior [ RunTime:0.000039s ]
INFO: [ template_filter ] --END-- [ RunTime:0.000083s ]
INFO: Run Behavior\ParseTemplateBehavior [ RunTime:0.002265s ]
INFO: [ view_parse ] --END-- [ RunTime:0.002317s ]
INFO: [ view_filter ] --START--
INFO: [ view_filter ] --END-- [ RunTime:0.000011s ]
INFO: [ app_end ] --START--
INFO: Run Behavior\ShowPageTraceBehavior [ RunTime:0.000114s ]
INFO: [ app_end ] --END-- [ RunTime:0.000158s ]

[ 2016-10-15T09:44:36+08:00 ] 118.255.236.112 /fenzhan.php/Public/verify/key/login/t/1476467076.html
INFO: [ app_begin ] --START--
INFO: Run Behavior\ReadHtmlCacheBehavior [ RunTime:0.000059s ]
INFO: Run Behavior\CheckLangBehavior [ RunTime:0.000204s ]
INFO: [ app_begin ] --END-- [ RunTime:0.000322s ]

[ 2016-10-15T09:44:55+08:00 ] 118.255.236.112 /fenzhan.php/Public/login.html
INFO: [ app_begin ] --START--
INFO: Run Behavior\ReadHtmlCacheBehavior [ RunTime:0.000094s ]
INFO: Run Behavior\CheckLangBehavior [ RunTime:0.000257s ]
INFO: [ app_begin ] --END-- [ RunTime:0.000443s ]
ERR: 1146:Table 'pgw.pgw_fenzhan_user' doesn't exist
 [ SQL语句 ] : SHOW COLUMNS FROM `pgw_fenzhan_user`
ERR: 1146:Table 'pgw.pgw_fenzhan_user' doesn't exist
 [ SQL语句 ] : UPDATE `pgw_fenzhan_user` SET `error_times`='0' WHERE `uid` = '3'
ERR: 1146:Table 'pgw.pgw_fenzhan_user' doesn't exist
 [ SQL语句 ] : UPDATE `pgw_fenzhan_user` SET `last_login_time`='1476467095',`error_times`='0' WHERE `uid` = '3'
INFO: [ view_parse ] --START--
INFO: [ template_filter ] --START--
INFO: Run Behavior\ContentReplaceBehavior [ RunTime:0.000040s ]
INFO: [ template_filter ] --END-- [ RunTime:0.000114s ]
INFO: Run Behavior\ParseTemplateBehavior [ RunTime:0.001825s ]
INFO: [ view_parse ] --END-- [ RunTime:0.001868s ]
INFO: [ view_filter ] --START--
INFO: [ view_filter ] --END-- [ RunTime:0.000010s ]
INFO: [ app_end ] --START--
INFO: Run Behavior\ShowPageTraceBehavior [ RunTime:0.000060s ]
INFO: [ app_end ] --END-- [ RunTime:0.000089s ]

[ 2016-10-15T09:44:56+08:00 ] 118.255.236.112 /fenzhan.php/Index/index.html
INFO: [ app_begin ] --START--
INFO: Run Behavior\ReadHtmlCacheBehavior [ RunTime:0.000062s ]
INFO: Run Behavior\CheckLangBehavior [ RunTime:0.000239s ]
INFO: [ app_begin ] --END-- [ RunTime:0.000358s ]
INFO: [ view_parse ] --START--
INFO: [ template_filter ] --START--
INFO: Run Behavior\ContentReplaceBehavior [ RunTime:0.000042s ]
INFO: [ template_filter ] --END-- [ RunTime:0.000083s ]
INFO: Run Behavior\ParseTemplateBehavior [ RunTime:0.002647s ]
INFO: [ view_parse ] --END-- [ RunTime:0.002691s ]
INFO: [ view_filter ] --START--
INFO: [ view_filter ] --END-- [ RunTime:0.000010s ]
INFO: [ app_end ] --START--
INFO: Run Behavior\ShowPageTraceBehavior [ RunTime:0.000070s ]
INFO: [ app_end ] --END-- [ RunTime:0.000115s ]

[ 2016-10-15T09:54:09+08:00 ] 118.255.236.112 /fenzhan.php
INFO: [ app_begin ] --START--
INFO: Run Behavior\ReadHtmlCacheBehavior [ RunTime:0.000063s ]
INFO: Run Behavior\CheckLangBehavior [ RunTime:0.000255s ]
INFO: [ app_begin ] --END-- [ RunTime:0.000375s ]

[ 2016-10-15T09:54:09+08:00 ] 118.255.236.112 /fenzhan.php/Public/login.html
INFO: [ app_begin ] --START--
INFO: Run Behavior\ReadHtmlCacheBehavior [ RunTime:0.000057s ]
INFO: Run Behavior\CheckLangBehavior [ RunTime:0.000229s ]
INFO: [ app_begin ] --END-- [ RunTime:0.000346s ]
INFO: [ view_parse ] --START--
INFO: [ template_filter ] --START--
INFO: Run Behavior\ContentReplaceBehavior [ RunTime:0.000040s ]
INFO: [ template_filter ] --END-- [ RunTime:0.000078s ]
INFO: Run Behavior\ParseTemplateBehavior [ RunTime:0.002004s ]
INFO: [ view_parse ] --END-- [ RunTime:0.002042s ]
INFO: [ view_filter ] --START--
INFO: [ view_filter ] --END-- [ RunTime:0.000010s ]
INFO: [ app_end ] --START--
INFO: Run Behavior\ShowPageTraceBehavior [ RunTime:0.000063s ]
INFO: [ app_end ] --END-- [ RunTime:0.000092s ]

[ 2016-10-15T09:54:11+08:00 ] 118.255.236.112 /fenzhan.php/Public/verify/key/login/t/1476467649.html
INFO: [ app_begin ] --START--
INFO: Run Behavior\ReadHtmlCacheBehavior [ RunTime:0.000058s ]
INFO: Run Behavior\CheckLangBehavior [ RunTime:0.000208s ]
INFO: [ app_begin ] --END-- [ RunTime:0.000323s ]

[ 2016-10-15T09:54:33+08:00 ] 118.255.236.112 /fenzhan.php/Public/login.html
INFO: [ app_begin ] --START--
INFO: Run Behavior\ReadHtmlCacheBehavior [ RunTime:0.000162s ]
INFO: Run Behavior\CheckLangBehavior [ RunTime:0.000386s ]
INFO: [ app_begin ] --END-- [ RunTime:0.000644s ]
ERR: 1146:Table 'pgw.pgw_fenzhan_user' doesn't exist
 [ SQL语句 ] : SHOW COLUMNS FROM `pgw_fenzhan_user`
ERR: 1146:Table 'pgw.pgw_fenzhan_user' doesn't exist
 [ SQL语句 ] : UPDATE `pgw_fenzhan_user` SET `error_times`='0' WHERE `uid` = '12'
ERR: 1146:Table 'pgw.pgw_fenzhan_user' doesn't exist
 [ SQL语句 ] : UPDATE `pgw_fenzhan_user` SET `last_login_time`='1476467673',`error_times`=error_times+1 WHERE `uid` = '12'
INFO: [ view_parse ] --START--
INFO: [ template_filter ] --START--
INFO: Run Behavior\ContentReplaceBehavior [ RunTime:0.000041s ]
INFO: [ template_filter ] --END-- [ RunTime:0.000084s ]
INFO: Run Behavior\ParseTemplateBehavior [ RunTime:0.001840s ]
INFO: [ view_parse ] --END-- [ RunTime:0.001877s ]
INFO: [ view_filter ] --START--
INFO: [ view_filter ] --END-- [ RunTime:0.000010s ]

[ 2016-10-15T09:54:36+08:00 ] 118.255.236.112 /fenzhan.php/Public/login.html
INFO: [ app_begin ] --START--
INFO: Run Behavior\ReadHtmlCacheBehavior [ RunTime:0.000057s ]
INFO: Run Behavior\CheckLangBehavior [ RunTime:0.000220s ]
INFO: [ app_begin ] --END-- [ RunTime:0.000333s ]
INFO: [ view_parse ] --START--
INFO: [ template_filter ] --START--
INFO: Run Behavior\ContentReplaceBehavior [ RunTime:0.000056s ]
INFO: [ template_filter ] --END-- [ RunTime:0.000134s ]
INFO: Run Behavior\ParseTemplateBehavior [ RunTime:0.002262s ]
INFO: [ view_parse ] --END-- [ RunTime:0.002304s ]
INFO: [ view_filter ] --START--
INFO: [ view_filter ] --END-- [ RunTime:0.000010s ]
INFO: [ app_end ] --START--
INFO: Run Behavior\ShowPageTraceBehavior [ RunTime:0.000069s ]
INFO: [ app_end ] --END-- [ RunTime:0.000099s ]

[ 2016-10-15T09:54:36+08:00 ] 118.255.236.112 /fenzhan.php/Public/verify/key/login/t/1476467676.html
INFO: [ app_begin ] --START--
INFO: Run Behavior\ReadHtmlCacheBehavior [ RunTime:0.000058s ]
INFO: Run Behavior\CheckLangBehavior [ RunTime:0.000213s ]
INFO: [ app_begin ] --END-- [ RunTime:0.000329s ]

[ 2016-10-15T09:58:40+08:00 ] 118.255.236.112 /fenzhan.php/Index/index.html
INFO: [ app_begin ] --START--
INFO: Run Behavior\ReadHtmlCacheBehavior [ RunTime:0.000072s ]
INFO: Run Behavior\CheckLangBehavior [ RunTime:0.000220s ]
INFO: [ app_begin ] --END-- [ RunTime:0.000359s ]
INFO: [ view_parse ] --START--
INFO: [ template_filter ] --START--
INFO: Run Behavior\ContentReplaceBehavior [ RunTime:0.000045s ]
INFO: [ template_filter ] --END-- [ RunTime:0.000090s ]
INFO: Run Behavior\ParseTemplateBehavior [ RunTime:0.003063s ]
INFO: [ view_parse ] --END-- [ RunTime:0.003123s ]
INFO: [ view_filter ] --START--
INFO: [ view_filter ] --END-- [ RunTime:0.000010s ]
INFO: [ app_end ] --START--
INFO: Run Behavior\ShowPageTraceBehavior [ RunTime:0.000065s ]
INFO: [ app_end ] --END-- [ RunTime:0.000096s ]

[ 2016-10-15T09:58:41+08:00 ] 118.255.236.112 /fenzhan.php/FenzhanUser/index.html
INFO: [ app_begin ] --START--
INFO: Run Behavior\ReadHtmlCacheBehavior [ RunTime:0.000060s ]
INFO: Run Behavior\CheckLangBehavior [ RunTime:0.000203s ]
INFO: [ app_begin ] --END-- [ RunTime:0.000320s ]
INFO: [ view_parse ] --START--
INFO: [ template_filter ] --START--
INFO: Run Behavior\ContentReplaceBehavior [ RunTime:0.000093s ]
INFO: [ template_filter ] --END-- [ RunTime:0.000149s ]
INFO: Run Behavior\ParseTemplateBehavior [ RunTime:0.009016s ]
INFO: [ view_parse ] --END-- [ RunTime:0.009063s ]
INFO: [ view_filter ] --START--
INFO: [ view_filter ] --END-- [ RunTime:0.000010s ]
INFO: [ app_end ] --START--
INFO: Run Behavior\ShowPageTraceBehavior [ RunTime:0.000113s ]
INFO: [ app_end ] --END-- [ RunTime:0.000154s ]

[ 2016-10-15T09:59:05+08:00 ] 118.255.236.112 /fenzhan.php/FenzhanUser/index.html
INFO: [ app_begin ] --START--
INFO: Run Behavior\ReadHtmlCacheBehavior [ RunTime:0.000065s ]
INFO: Run Behavior\CheckLangBehavior [ RunTime:0.000221s ]
INFO: [ app_begin ] --END-- [ RunTime:0.000348s ]
INFO: [ view_parse ] --START--
INFO: [ template_filter ] --START--
INFO: Run Behavior\ContentReplaceBehavior [ RunTime:0.000072s ]
INFO: [ template_filter ] --END-- [ RunTime:0.000119s ]
INFO: Run Behavior\ParseTemplateBehavior [ RunTime:0.008372s ]
INFO: [ view_parse ] --END-- [ RunTime:0.008416s ]
INFO: [ view_filter ] --START--
INFO: [ view_filter ] --END-- [ RunTime:0.000010s ]
INFO: [ app_end ] --START--
INFO: Run Behavior\ShowPageTraceBehavior [ RunTime:0.000068s ]
INFO: [ app_end ] --END-- [ RunTime:0.000104s ]

[ 2016-10-15T10:00:30+08:00 ] 118.255.236.112 /fenzhan.php
INFO: [ app_begin ] --START--
INFO: Run Behavior\ReadHtmlCacheBehavior [ RunTime:0.000113s ]
INFO: Run Behavior\CheckLangBehavior [ RunTime:0.000362s ]
INFO: [ app_begin ] --END-- [ RunTime:0.000571s ]
INFO: [ view_parse ] --START--
INFO: [ template_filter ] --START--
INFO: Run Behavior\ContentReplaceBehavior [ RunTime:0.000070s ]
INFO: [ template_filter ] --END-- [ RunTime:0.000134s ]
INFO: Run Behavior\ParseTemplateBehavior [ RunTime:0.003789s ]
INFO: [ view_parse ] --END-- [ RunTime:0.003856s ]
INFO: [ view_filter ] --START--
INFO: [ view_filter ] --END-- [ RunTime:0.000015s ]
INFO: [ app_end ] --START--
INFO: Run Behavior\ShowPageTraceBehavior [ RunTime:0.000098s ]
INFO: [ app_end ] --END-- [ RunTime:0.000144s ]

[ 2016-10-15T10:00:38+08:00 ] 118.255.236.112 /fenzhan.php
INFO: [ app_begin ] --START--
INFO: Run Behavior\ReadHtmlCacheBehavior [ RunTime:0.000084s ]
INFO: Run Behavior\CheckLangBehavior [ RunTime:0.000323s ]
INFO: [ app_begin ] --END-- [ RunTime:0.000481s ]

[ 2016-10-15T10:00:38+08:00 ] 118.255.236.112 /fenzhan.php/Public/login.html
INFO: [ app_begin ] --START--
INFO: Run Behavior\ReadHtmlCacheBehavior [ RunTime:0.000057s ]
INFO: Run Behavior\CheckLangBehavior [ RunTime:0.000219s ]
INFO: [ app_begin ] --END-- [ RunTime:0.000332s ]
INFO: [ view_parse ] --START--
INFO: [ template_filter ] --START--
INFO: Run Behavior\ContentReplaceBehavior [ RunTime:0.000053s ]
INFO: [ template_filter ] --END-- [ RunTime:0.000116s ]
INFO: Run Behavior\ParseTemplateBehavior [ RunTime:0.002406s ]
INFO: [ view_parse ] --END-- [ RunTime:0.002444s ]
INFO: [ view_filter ] --START--
INFO: [ view_filter ] --END-- [ RunTime:0.000010s ]
INFO: [ app_end ] --START--
INFO: Run Behavior\ShowPageTraceBehavior [ RunTime:0.000075s ]
INFO: [ app_end ] --END-- [ RunTime:0.000106s ]

[ 2016-10-15T10:00:38+08:00 ] 118.255.236.112 /fenzhan.php/Public/verify/key/login/t/1476468038.html
INFO: [ app_begin ] --START--
INFO: Run Behavior\ReadHtmlCacheBehavior [ RunTime:0.000063s ]
INFO: Run Behavior\CheckLangBehavior [ RunTime:0.000204s ]
INFO: [ app_begin ] --END-- [ RunTime:0.000330s ]

[ 2016-10-15T10:00:48+08:00 ] 118.255.236.112 /fenzhan.php/Public/verify/key/login.html?t=1476496874569
INFO: [ app_begin ] --START--
INFO: Run Behavior\ReadHtmlCacheBehavior [ RunTime:0.000063s ]
INFO: Run Behavior\CheckLangBehavior [ RunTime:0.000214s ]
INFO: [ app_begin ] --END-- [ RunTime:0.000333s ]

[ 2016-10-15T10:00:49+08:00 ] 118.255.236.112 /fenzhan.php/Public/verify/key/login.html?t=1476496875872
INFO: [ app_begin ] --START--
INFO: Run Behavior\ReadHtmlCacheBehavior [ RunTime:0.000057s ]
INFO: Run Behavior\CheckLangBehavior [ RunTime:0.000258s ]
INFO: [ app_begin ] --END-- [ RunTime:0.000374s ]

[ 2016-10-15T10:00:56+08:00 ] 118.255.236.112 /fenzhan.php/Public/login.html
INFO: [ app_begin ] --START--
INFO: Run Behavior\ReadHtmlCacheBehavior [ RunTime:0.000066s ]
INFO: Run Behavior\CheckLangBehavior [ RunTime:0.000236s ]
INFO: [ app_begin ] --END-- [ RunTime:0.000362s ]
ERR: 1146:Table 'pgw.pgw_fenzhan_user' doesn't exist
 [ SQL语句 ] : SHOW COLUMNS FROM `pgw_fenzhan_user`
ERR: 1146:Table 'pgw.pgw_fenzhan_user' doesn't exist
 [ SQL语句 ] : UPDATE `pgw_fenzhan_user` SET `error_times`='0' WHERE `uid` = '12'
ERR: 1146:Table 'pgw.pgw_fenzhan_user' doesn't exist
 [ SQL语句 ] : UPDATE `pgw_fenzhan_user` SET `last_login_time`='1476468056',`error_times`='0' WHERE `uid` = '12'
INFO: [ view_parse ] --START--
INFO: [ template_filter ] --START--
INFO: Run Behavior\ContentReplaceBehavior [ RunTime:0.000039s ]
INFO: [ template_filter ] --END-- [ RunTime:0.000087s ]
INFO: Run Behavior\ParseTemplateBehavior [ RunTime:0.002111s ]
INFO: [ view_parse ] --END-- [ RunTime:0.002163s ]
INFO: [ view_filter ] --START--
INFO: [ view_filter ] --END-- [ RunTime:0.000010s ]
INFO: [ app_end ] --START--
INFO: Run Behavior\ShowPageTraceBehavior [ RunTime:0.000064s ]
INFO: [ app_end ] --END-- [ RunTime:0.000094s ]

[ 2016-10-15T10:00:57+08:00 ] 118.255.236.112 /fenzhan.php/Index/index.html
INFO: [ app_begin ] --START--
INFO: Run Behavior\ReadHtmlCacheBehavior [ RunTime:0.000080s ]
INFO: Run Behavior\CheckLangBehavior [ RunTime:0.000249s ]
INFO: [ app_begin ] --END-- [ RunTime:0.000400s ]
INFO: [ view_parse ] --START--
INFO: [ template_filter ] --START--
INFO: Run Behavior\ContentReplaceBehavior [ RunTime:0.000047s ]
INFO: [ template_filter ] --END-- [ RunTime:0.000094s ]
INFO: Run Behavior\ParseTemplateBehavior [ RunTime:0.002796s ]
INFO: [ view_parse ] --END-- [ RunTime:0.002844s ]
INFO: [ view_filter ] --START--
INFO: [ view_filter ] --END-- [ RunTime:0.000010s ]
INFO: [ app_end ] --START--
INFO: Run Behavior\ShowPageTraceBehavior [ RunTime:0.000066s ]
INFO: [ app_end ] --END-- [ RunTime:0.000108s ]

[ 2016-10-15T10:02:19+08:00 ] 118.255.236.112 /fenzhan.php/Index/index.html
INFO: [ app_begin ] --START--
INFO: Run Behavior\ReadHtmlCacheBehavior [ RunTime:0.000062s ]
INFO: Run Behavior\CheckLangBehavior [ RunTime:0.000213s ]
INFO: [ app_begin ] --END-- [ RunTime:0.000331s ]
INFO: [ view_parse ] --START--
INFO: [ template_filter ] --START--
INFO: Run Behavior\ContentReplaceBehavior [ RunTime:0.000041s ]
INFO: [ template_filter ] --END-- [ RunTime:0.000096s ]
INFO: Run Behavior\ParseTemplateBehavior [ RunTime:0.003325s ]
INFO: [ view_parse ] --END-- [ RunTime:0.003368s ]
INFO: [ view_filter ] --START--
INFO: [ view_filter ] --END-- [ RunTime:0.000010s ]
INFO: [ app_end ] --START--
INFO: Run Behavior\ShowPageTraceBehavior [ RunTime:0.000072s ]
INFO: [ app_end ] --END-- [ RunTime:0.000112s ]

[ 2016-10-15T10:04:03+08:00 ] 118.255.236.112 /fenzhan.php/FenzhanUser/index.html
INFO: [ app_begin ] --START--
INFO: Run Behavior\ReadHtmlCacheBehavior [ RunTime:0.000065s ]
INFO: Run Behavior\CheckLangBehavior [ RunTime:0.000215s ]
INFO: [ app_begin ] --END-- [ RunTime:0.000336s ]
INFO: [ view_parse ] --START--
INFO: [ template_filter ] --START--
INFO: Run Behavior\ContentReplaceBehavior [ RunTime:0.000075s ]
INFO: [ template_filter ] --END-- [ RunTime:0.000142s ]
INFO: Run Behavior\ParseTemplateBehavior [ RunTime:0.010245s ]
INFO: [ view_parse ] --END-- [ RunTime:0.010288s ]
INFO: [ view_filter ] --START--
INFO: [ view_filter ] --END-- [ RunTime:0.000011s ]
INFO: [ app_end ] --START--
INFO: Run Behavior\ShowPageTraceBehavior [ RunTime:0.000083s ]
INFO: [ app_end ] --END-- [ RunTime:0.000120s ]

[ 2016-10-15T10:10:38+08:00 ] 118.255.236.112 /fenzhan.php/FenzhanUser/edit.html?uid=12
INFO: [ app_begin ] --START--
INFO: Run Behavior\ReadHtmlCacheBehavior [ RunTime:0.000063s ]
INFO: Run Behavior\CheckLangBehavior [ RunTime:0.000263s ]
INFO: [ app_begin ] --END-- [ RunTime:0.000381s ]

