[ 2016-10-08T08:20:41+08:00 ] 42.156.251.188 /fenzhan.php/Public/login.html
INFO: [ app_begin ] --START--
INFO: Run Behavior\ReadHtmlCacheBehavior [ RunTime:0.000062s ]
INFO: Run Behavior\CheckLangBehavior [ RunTime:0.000256s ]
INFO: [ app_begin ] --END-- [ RunTime:0.000408s ]
INFO: [ view_parse ] --START--
INFO: [ template_filter ] --START--
INFO: Run Behavior\ContentReplaceBehavior [ RunTime:0.000050s ]
INFO: [ template_filter ] --END-- [ RunTime:0.000110s ]
INFO: Run Behavior\ParseTemplateBehavior [ RunTime:0.002324s ]
INFO: [ view_parse ] --END-- [ RunTime:0.002371s ]
INFO: [ view_filter ] --START--
INFO: [ view_filter ] --END-- [ RunTime:0.000010s ]
INFO: [ app_end ] --START--
INFO: Run Behavior\ShowPageTraceBehavior [ RunTime:0.000065s ]
INFO: [ app_end ] --END-- [ RunTime:0.000096s ]

[ 2016-10-08T08:24:28+08:00 ] 42.156.251.185 /fenzhan.php/Public/login.html
INFO: [ app_begin ] --START--
INFO: Run Behavior\ReadHtmlCacheBehavior [ RunTime:0.000062s ]
INFO: Run Behavior\CheckLangBehavior [ RunTime:0.000229s ]
INFO: [ app_begin ] --END-- [ RunTime:0.000353s ]
INFO: [ view_parse ] --START--
INFO: [ template_filter ] --START--
INFO: Run Behavior\ContentReplaceBehavior [ RunTime:0.000038s ]
INFO: [ template_filter ] --END-- [ RunTime:0.000073s ]
INFO: Run Behavior\ParseTemplateBehavior [ RunTime:0.001957s ]
INFO: [ view_parse ] --END-- [ RunTime:0.001993s ]
INFO: [ view_filter ] --START--
INFO: [ view_filter ] --END-- [ RunTime:0.000009s ]
INFO: [ app_end ] --START--
INFO: Run Behavior\ShowPageTraceBehavior [ RunTime:0.000062s ]
INFO: [ app_end ] --END-- [ RunTime:0.000090s ]

