[ 2016-07-13T10:16:08+08:00 ] 110.75.248.238 /payment/notify/type/alipay/method/notify
INFO: notify
[ 2016-07-13T10:16:08+08:00 ] 110.75.248.238 /payment/notify/type/alipay/method/notify
INFO: array (
  'discount' => '0.00',
  'payment_type' => '1',
  'subject' => '支付需求:房屋装修',
  'trade_no' => '2016071321001004720285197256',
  'buyer_email' => 'yanghang@foxmail.com',
  'gmt_create' => '2016-07-13 10:16:03',
  'notify_type' => 'trade_status_sync',
  'quantity' => '1',
  'out_trade_no' => '50',
  'seller_id' => '2088611544270613',
  'notify_time' => '2016-07-13 10:16:07',
  'trade_status' => 'TRADE_SUCCESS',
  'is_total_fee_adjust' => 'N',
  'total_fee' => '3.00',
  'gmt_payment' => '2016-07-13 10:16:07',
  'seller_email' => 'hnzxwbb@qq.com',
  'price' => '3.00',
  'buyer_id' => '2088102329364723',
  'notify_id' => 'feebbc63de8ce62cdb8e5aed29df9e2lk2',
  'use_coupon' => 'N',
  'sign_type' => 'MD5',
  'sign' => 'ffe3a1f61c2d9c578f25f66ee31c2756',
)
[ 2016-07-13T10:16:08+08:00 ] 110.75.248.238 /payment/notify/type/alipay/method/notify
INFO: 订单信息：array (
  'status' => true,
  'money' => '3.00',
  'out_trade_no' => '50',
)
[ 2016-07-13T10:16:08+08:00 ] 110.75.248.238 /payment/notify/type/alipay/method/notify
INFO: 支付日志信息：array (
  'log_id' => '50',
  'out_id' => '48',
  'stage' => '1',
  'user_id' => '1143',
  'pay_id' => '1',
  'log_type' => '3',
  'money' => '3.00',
  'log_ip' => '175.11.153.113',
  'pay_status' => '0',
  'pay_time' => '0',
  'log_time' => '1468347342',
  'log_remark' => '',
)
[ 2016-07-13T10:16:20+08:00 ] 175.11.153.113 /payment/notify/type/alipay/method/return?buyer_email=yanghang%40foxmail.com&buyer_id=2088102329364723&exterface=create_direct_pay_by_user&is_success=T&notify_id=RqPnCoPT3K9%252Fvwbh3InXQYIvhJPELw4bBUZCVv72qfZKMf471VmRKPmYo%252FXASPA5XpZp&notify_time=2016-07-13+10%3A16%3A17&notify_type=trade_status_sync&out_trade_no=50&payment_type=1&seller_email=hnzxwbb%40qq.com&seller_id=2088611544270613&subject=%E6%94%AF%E4%BB%98%E9%9C%80%E6%B1%82%3A%E6%88%BF%E5%B1%8B%E8%A3%85%E4%BF%AE&total_fee=3.00&trade_no=2016071321001004720285197256&trade_status=TRADE_SUCCESS&sign=73486aa62080ca92193f62c8f7a6ebdf&sign_type=MD5
INFO: return
[ 2016-07-13T10:16:20+08:00 ] 175.11.153.113 /payment/notify/type/alipay/method/return?buyer_email=yanghang%40foxmail.com&buyer_id=2088102329364723&exterface=create_direct_pay_by_user&is_success=T&notify_id=RqPnCoPT3K9%252Fvwbh3InXQYIvhJPELw4bBUZCVv72qfZKMf471VmRKPmYo%252FXASPA5XpZp&notify_time=2016-07-13+10%3A16%3A17&notify_type=trade_status_sync&out_trade_no=50&payment_type=1&seller_email=hnzxwbb%40qq.com&seller_id=2088611544270613&subject=%E6%94%AF%E4%BB%98%E9%9C%80%E6%B1%82%3A%E6%88%BF%E5%B1%8B%E8%A3%85%E4%BF%AE&total_fee=3.00&trade_no=2016071321001004720285197256&trade_status=TRADE_SUCCESS&sign=73486aa62080ca92193f62c8f7a6ebdf&sign_type=MD5
INFO: array (
  'buyer_email' => 'yanghang@foxmail.com',
  'buyer_id' => '2088102329364723',
  'exterface' => 'create_direct_pay_by_user',
  'is_success' => 'T',
  'notify_id' => 'RqPnCoPT3K9%2Fvwbh3InXQYIvhJPELw4bBUZCVv72qfZKMf471VmRKPmYo%2FXASPA5XpZp',
  'notify_time' => '2016-07-13 10:16:17',
  'notify_type' => 'trade_status_sync',
  'out_trade_no' => '50',
  'payment_type' => '1',
  'seller_email' => 'hnzxwbb@qq.com',
  'seller_id' => '2088611544270613',
  'subject' => '支付需求:房屋装修',
  'total_fee' => '3.00',
  'trade_no' => '2016071321001004720285197256',
  'trade_status' => 'TRADE_SUCCESS',
  'sign' => '73486aa62080ca92193f62c8f7a6ebdf',
  'sign_type' => 'MD5',
)
[ 2016-07-13T10:16:20+08:00 ] 175.11.153.113 /payment/notify/type/alipay/method/return?buyer_email=yanghang%40foxmail.com&buyer_id=2088102329364723&exterface=create_direct_pay_by_user&is_success=T&notify_id=RqPnCoPT3K9%252Fvwbh3InXQYIvhJPELw4bBUZCVv72qfZKMf471VmRKPmYo%252FXASPA5XpZp&notify_time=2016-07-13+10%3A16%3A17&notify_type=trade_status_sync&out_trade_no=50&payment_type=1&seller_email=hnzxwbb%40qq.com&seller_id=2088611544270613&subject=%E6%94%AF%E4%BB%98%E9%9C%80%E6%B1%82%3A%E6%88%BF%E5%B1%8B%E8%A3%85%E4%BF%AE&total_fee=3.00&trade_no=2016071321001004720285197256&trade_status=TRADE_SUCCESS&sign=73486aa62080ca92193f62c8f7a6ebdf&sign_type=MD5
INFO: 订单信息：array (
  'status' => true,
  'money' => '3.00',
  'out_trade_no' => '50',
)
[ 2016-07-13T10:16:20+08:00 ] 175.11.153.113 /payment/notify/type/alipay/method/return?buyer_email=yanghang%40foxmail.com&buyer_id=2088102329364723&exterface=create_direct_pay_by_user&is_success=T&notify_id=RqPnCoPT3K9%252Fvwbh3InXQYIvhJPELw4bBUZCVv72qfZKMf471VmRKPmYo%252FXASPA5XpZp&notify_time=2016-07-13+10%3A16%3A17&notify_type=trade_status_sync&out_trade_no=50&payment_type=1&seller_email=hnzxwbb%40qq.com&seller_id=2088611544270613&subject=%E6%94%AF%E4%BB%98%E9%9C%80%E6%B1%82%3A%E6%88%BF%E5%B1%8B%E8%A3%85%E4%BF%AE&total_fee=3.00&trade_no=2016071321001004720285197256&trade_status=TRADE_SUCCESS&sign=73486aa62080ca92193f62c8f7a6ebdf&sign_type=MD5
INFO: 支付日志信息：array (
  'log_id' => '50',
  'out_id' => '48',
  'stage' => '1',
  'user_id' => '1143',
  'pay_id' => '1',
  'log_type' => '3',
  'money' => '3.00',
  'log_ip' => '175.11.153.113',
  'pay_status' => '1',
  'pay_time' => '1468347368',
  'log_time' => '1468347342',
  'log_remark' => '',
)
[ 2016-07-13T10:17:57+08:00 ] 110.75.248.230 /payment/notify/type/alipay/method/notify
INFO: notify
[ 2016-07-13T10:17:57+08:00 ] 110.75.248.230 /payment/notify/type/alipay/method/notify
INFO: array (
  'discount' => '0.00',
  'payment_type' => '1',
  'subject' => '支付需求:房屋装修',
  'trade_no' => '2016071321001004720285101813',
  'buyer_email' => 'yanghang@foxmail.com',
  'gmt_create' => '2016-07-13 10:17:53',
  'notify_type' => 'trade_status_sync',
  'quantity' => '1',
  'out_trade_no' => '51',
  'seller_id' => '2088611544270613',
  'notify_time' => '2016-07-13 10:17:56',
  'trade_status' => 'TRADE_SUCCESS',
  'is_total_fee_adjust' => 'N',
  'total_fee' => '3.00',
  'gmt_payment' => '2016-07-13 10:17:56',
  'seller_email' => 'hnzxwbb@qq.com',
  'price' => '3.00',
  'buyer_id' => '2088102329364723',
  'notify_id' => '32be4cf3de8fdc288de61dd99f74390lk2',
  'use_coupon' => 'N',
  'sign_type' => 'MD5',
  'sign' => 'ad61b99e3e87635bd3d501c75d6ef51c',
)
[ 2016-07-13T10:17:57+08:00 ] 110.75.248.230 /payment/notify/type/alipay/method/notify
INFO: 订单信息：array (
  'status' => true,
  'money' => '3.00',
  'out_trade_no' => '51',
)
[ 2016-07-13T10:17:57+08:00 ] 110.75.248.230 /payment/notify/type/alipay/method/notify
INFO: 支付日志信息：array (
  'log_id' => '51',
  'out_id' => '48',
  'stage' => '2',
  'user_id' => '1143',
  'pay_id' => '1',
  'log_type' => '3',
  'money' => '3.00',
  'log_ip' => '175.11.153.113',
  'pay_status' => '0',
  'pay_time' => '0',
  'log_time' => '1468347467',
  'log_remark' => '',
)
[ 2016-07-13T10:18:07+08:00 ] 175.11.153.113 /payment/notify/type/alipay/method/return?buyer_email=yanghang%40foxmail.com&buyer_id=2088102329364723&exterface=create_direct_pay_by_user&is_success=T&notify_id=RqPnCoPT3K9%252Fvwbh3InXQYIvhJA8AYoVnqU3Ue4HsCUu3P%252FfGPYQ5qeSnBQyUm8Ex1bW&notify_time=2016-07-13+10%3A18%3A04&notify_type=trade_status_sync&out_trade_no=51&payment_type=1&seller_email=hnzxwbb%40qq.com&seller_id=2088611544270613&subject=%E6%94%AF%E4%BB%98%E9%9C%80%E6%B1%82%3A%E6%88%BF%E5%B1%8B%E8%A3%85%E4%BF%AE&total_fee=3.00&trade_no=2016071321001004720285101813&trade_status=TRADE_SUCCESS&sign=72e4242580faaeb1934ffcb1e2bfe394&sign_type=MD5
INFO: return
[ 2016-07-13T10:18:07+08:00 ] 175.11.153.113 /payment/notify/type/alipay/method/return?buyer_email=yanghang%40foxmail.com&buyer_id=2088102329364723&exterface=create_direct_pay_by_user&is_success=T&notify_id=RqPnCoPT3K9%252Fvwbh3InXQYIvhJA8AYoVnqU3Ue4HsCUu3P%252FfGPYQ5qeSnBQyUm8Ex1bW&notify_time=2016-07-13+10%3A18%3A04&notify_type=trade_status_sync&out_trade_no=51&payment_type=1&seller_email=hnzxwbb%40qq.com&seller_id=2088611544270613&subject=%E6%94%AF%E4%BB%98%E9%9C%80%E6%B1%82%3A%E6%88%BF%E5%B1%8B%E8%A3%85%E4%BF%AE&total_fee=3.00&trade_no=2016071321001004720285101813&trade_status=TRADE_SUCCESS&sign=72e4242580faaeb1934ffcb1e2bfe394&sign_type=MD5
INFO: array (
  'buyer_email' => 'yanghang@foxmail.com',
  'buyer_id' => '2088102329364723',
  'exterface' => 'create_direct_pay_by_user',
  'is_success' => 'T',
  'notify_id' => 'RqPnCoPT3K9%2Fvwbh3InXQYIvhJA8AYoVnqU3Ue4HsCUu3P%2FfGPYQ5qeSnBQyUm8Ex1bW',
  'notify_time' => '2016-07-13 10:18:04',
  'notify_type' => 'trade_status_sync',
  'out_trade_no' => '51',
  'payment_type' => '1',
  'seller_email' => 'hnzxwbb@qq.com',
  'seller_id' => '2088611544270613',
  'subject' => '支付需求:房屋装修',
  'total_fee' => '3.00',
  'trade_no' => '2016071321001004720285101813',
  'trade_status' => 'TRADE_SUCCESS',
  'sign' => '72e4242580faaeb1934ffcb1e2bfe394',
  'sign_type' => 'MD5',
)
[ 2016-07-13T10:18:08+08:00 ] 175.11.153.113 /payment/notify/type/alipay/method/return?buyer_email=yanghang%40foxmail.com&buyer_id=2088102329364723&exterface=create_direct_pay_by_user&is_success=T&notify_id=RqPnCoPT3K9%252Fvwbh3InXQYIvhJA8AYoVnqU3Ue4HsCUu3P%252FfGPYQ5qeSnBQyUm8Ex1bW&notify_time=2016-07-13+10%3A18%3A04&notify_type=trade_status_sync&out_trade_no=51&payment_type=1&seller_email=hnzxwbb%40qq.com&seller_id=2088611544270613&subject=%E6%94%AF%E4%BB%98%E9%9C%80%E6%B1%82%3A%E6%88%BF%E5%B1%8B%E8%A3%85%E4%BF%AE&total_fee=3.00&trade_no=2016071321001004720285101813&trade_status=TRADE_SUCCESS&sign=72e4242580faaeb1934ffcb1e2bfe394&sign_type=MD5
INFO: 订单信息：array (
  'status' => true,
  'money' => '3.00',
  'out_trade_no' => '51',
)
[ 2016-07-13T10:18:08+08:00 ] 175.11.153.113 /payment/notify/type/alipay/method/return?buyer_email=yanghang%40foxmail.com&buyer_id=2088102329364723&exterface=create_direct_pay_by_user&is_success=T&notify_id=RqPnCoPT3K9%252Fvwbh3InXQYIvhJA8AYoVnqU3Ue4HsCUu3P%252FfGPYQ5qeSnBQyUm8Ex1bW&notify_time=2016-07-13+10%3A18%3A04&notify_type=trade_status_sync&out_trade_no=51&payment_type=1&seller_email=hnzxwbb%40qq.com&seller_id=2088611544270613&subject=%E6%94%AF%E4%BB%98%E9%9C%80%E6%B1%82%3A%E6%88%BF%E5%B1%8B%E8%A3%85%E4%BF%AE&total_fee=3.00&trade_no=2016071321001004720285101813&trade_status=TRADE_SUCCESS&sign=72e4242580faaeb1934ffcb1e2bfe394&sign_type=MD5
INFO: 支付日志信息：array (
  'log_id' => '51',
  'out_id' => '48',
  'stage' => '2',
  'user_id' => '1143',
  'pay_id' => '1',
  'log_type' => '3',
  'money' => '3.00',
  'log_ip' => '175.11.153.113',
  'pay_status' => '1',
  'pay_time' => '1468347477',
  'log_time' => '1468347467',
  'log_remark' => '',
)
[ 2016-07-13T10:18:33+08:00 ] 110.75.248.227 /payment/notify/type/alipay/method/notify
INFO: notify
[ 2016-07-13T10:18:33+08:00 ] 110.75.248.227 /payment/notify/type/alipay/method/notify
INFO: array (
  'discount' => '0.00',
  'payment_type' => '1',
  'subject' => '支付需求:房屋装修',
  'trade_no' => '2016071321001004720284491612',
  'buyer_email' => 'yanghang@foxmail.com',
  'gmt_create' => '2016-07-13 10:18:29',
  'notify_type' => 'trade_status_sync',
  'quantity' => '1',
  'out_trade_no' => '52',
  'seller_id' => '2088611544270613',
  'notify_time' => '2016-07-13 10:18:32',
  'trade_status' => 'TRADE_SUCCESS',
  'is_total_fee_adjust' => 'N',
  'total_fee' => '4.00',
  'gmt_payment' => '2016-07-13 10:18:32',
  'seller_email' => 'hnzxwbb@qq.com',
  'price' => '4.00',
  'buyer_id' => '2088102329364723',
  'notify_id' => '839dc16687ebf3a2e404e4e3acc3639lk2',
  'use_coupon' => 'N',
  'sign_type' => 'MD5',
  'sign' => '116ad99ae482c9f3ee0c435887e168c3',
)
[ 2016-07-13T10:18:33+08:00 ] 110.75.248.227 /payment/notify/type/alipay/method/notify
INFO: 订单信息：array (
  'status' => true,
  'money' => '4.00',
  'out_trade_no' => '52',
)
[ 2016-07-13T10:18:33+08:00 ] 110.75.248.227 /payment/notify/type/alipay/method/notify
INFO: 支付日志信息：array (
  'log_id' => '52',
  'out_id' => '48',
  'stage' => '3',
  'user_id' => '1143',
  'pay_id' => '1',
  'log_type' => '3',
  'money' => '4.00',
  'log_ip' => '175.11.153.113',
  'pay_status' => '0',
  'pay_time' => '0',
  'log_time' => '1468347504',
  'log_remark' => '',
)
[ 2016-07-13T10:18:44+08:00 ] 175.11.153.113 /payment/notify/type/alipay/method/return?buyer_email=yanghang%40foxmail.com&buyer_id=2088102329364723&exterface=create_direct_pay_by_user&is_success=T&notify_id=RqPnCoPT3K9%252Fvwbh3InXQYIvhJH8snN4mYpoqMjKx52rkFUgeC7s81WYwvGFSpsL%252B8a7&notify_time=2016-07-13+10%3A18%3A41&notify_type=trade_status_sync&out_trade_no=52&payment_type=1&seller_email=hnzxwbb%40qq.com&seller_id=2088611544270613&subject=%E6%94%AF%E4%BB%98%E9%9C%80%E6%B1%82%3A%E6%88%BF%E5%B1%8B%E8%A3%85%E4%BF%AE&total_fee=4.00&trade_no=2016071321001004720284491612&trade_status=TRADE_SUCCESS&sign=c8c50c99b8b4350d2df0078940e32dcb&sign_type=MD5
INFO: return
[ 2016-07-13T10:18:44+08:00 ] 175.11.153.113 /payment/notify/type/alipay/method/return?buyer_email=yanghang%40foxmail.com&buyer_id=2088102329364723&exterface=create_direct_pay_by_user&is_success=T&notify_id=RqPnCoPT3K9%252Fvwbh3InXQYIvhJH8snN4mYpoqMjKx52rkFUgeC7s81WYwvGFSpsL%252B8a7&notify_time=2016-07-13+10%3A18%3A41&notify_type=trade_status_sync&out_trade_no=52&payment_type=1&seller_email=hnzxwbb%40qq.com&seller_id=2088611544270613&subject=%E6%94%AF%E4%BB%98%E9%9C%80%E6%B1%82%3A%E6%88%BF%E5%B1%8B%E8%A3%85%E4%BF%AE&total_fee=4.00&trade_no=2016071321001004720284491612&trade_status=TRADE_SUCCESS&sign=c8c50c99b8b4350d2df0078940e32dcb&sign_type=MD5
INFO: array (
  'buyer_email' => 'yanghang@foxmail.com',
  'buyer_id' => '2088102329364723',
  'exterface' => 'create_direct_pay_by_user',
  'is_success' => 'T',
  'notify_id' => 'RqPnCoPT3K9%2Fvwbh3InXQYIvhJH8snN4mYpoqMjKx52rkFUgeC7s81WYwvGFSpsL%2B8a7',
  'notify_time' => '2016-07-13 10:18:41',
  'notify_type' => 'trade_status_sync',
  'out_trade_no' => '52',
  'payment_type' => '1',
  'seller_email' => 'hnzxwbb@qq.com',
  'seller_id' => '2088611544270613',
  'subject' => '支付需求:房屋装修',
  'total_fee' => '4.00',
  'trade_no' => '2016071321001004720284491612',
  'trade_status' => 'TRADE_SUCCESS',
  'sign' => 'c8c50c99b8b4350d2df0078940e32dcb',
  'sign_type' => 'MD5',
)
[ 2016-07-13T10:18:44+08:00 ] 175.11.153.113 /payment/notify/type/alipay/method/return?buyer_email=yanghang%40foxmail.com&buyer_id=2088102329364723&exterface=create_direct_pay_by_user&is_success=T&notify_id=RqPnCoPT3K9%252Fvwbh3InXQYIvhJH8snN4mYpoqMjKx52rkFUgeC7s81WYwvGFSpsL%252B8a7&notify_time=2016-07-13+10%3A18%3A41&notify_type=trade_status_sync&out_trade_no=52&payment_type=1&seller_email=hnzxwbb%40qq.com&seller_id=2088611544270613&subject=%E6%94%AF%E4%BB%98%E9%9C%80%E6%B1%82%3A%E6%88%BF%E5%B1%8B%E8%A3%85%E4%BF%AE&total_fee=4.00&trade_no=2016071321001004720284491612&trade_status=TRADE_SUCCESS&sign=c8c50c99b8b4350d2df0078940e32dcb&sign_type=MD5
INFO: 订单信息：array (
  'status' => true,
  'money' => '4.00',
  'out_trade_no' => '52',
)
[ 2016-07-13T10:18:44+08:00 ] 175.11.153.113 /payment/notify/type/alipay/method/return?buyer_email=yanghang%40foxmail.com&buyer_id=2088102329364723&exterface=create_direct_pay_by_user&is_success=T&notify_id=RqPnCoPT3K9%252Fvwbh3InXQYIvhJH8snN4mYpoqMjKx52rkFUgeC7s81WYwvGFSpsL%252B8a7&notify_time=2016-07-13+10%3A18%3A41&notify_type=trade_status_sync&out_trade_no=52&payment_type=1&seller_email=hnzxwbb%40qq.com&seller_id=2088611544270613&subject=%E6%94%AF%E4%BB%98%E9%9C%80%E6%B1%82%3A%E6%88%BF%E5%B1%8B%E8%A3%85%E4%BF%AE&total_fee=4.00&trade_no=2016071321001004720284491612&trade_status=TRADE_SUCCESS&sign=c8c50c99b8b4350d2df0078940e32dcb&sign_type=MD5
INFO: 支付日志信息：array (
  'log_id' => '52',
  'out_id' => '48',
  'stage' => '3',
  'user_id' => '1143',
  'pay_id' => '1',
  'log_type' => '3',
  'money' => '4.00',
  'log_ip' => '175.11.153.113',
  'pay_status' => '1',
  'pay_time' => '1468347513',
  'log_time' => '1468347504',
  'log_remark' => '',
)
