[ 2016-09-20T09:01:50+08:00 ] 110.75.248.46 /Payment/Notify/type/alipay/method/notify
INFO: notify
[ 2016-09-20T09:01:50+08:00 ] 110.75.248.46 /Payment/Notify/type/alipay/method/notify
INFO: array (
  'discount' => '0.00',
  'payment_type' => '1',
  'subject' => '支付保证金',
  'trade_no' => '2016062121001004720248565704',
  'buyer_email' => 'yanghang@foxmail.com',
  'gmt_create' => '2016-06-21 09:01:06',
  'notify_type' => 'trade_status_sync',
  'quantity' => '1',
  'out_trade_no' => '23',
  'seller_id' => '2088611544270613',
  'notify_time' => '2016-09-20 09:01:50',
  'trade_status' => 'TRADE_FINISHED',
  'is_total_fee_adjust' => 'N',
  'total_fee' => '2.00',
  'gmt_payment' => '2016-06-21 09:01:12',
  'seller_email' => 'hnzxwbb@qq.com',
  'gmt_close' => '2016-09-20 09:01:50',
  'price' => '2.00',
  'buyer_id' => '2088102329364723',
  'notify_id' => '1fffd73c2dabcbc48810cf30753da6blk2',
  'use_coupon' => 'N',
  'sign_type' => 'MD5',
  'sign' => '0e97c846e73d1600ccd5a3f8d2c13b8d',
)
[ 2016-09-20T09:01:50+08:00 ] 110.75.248.46 /Payment/Notify/type/alipay/method/notify
INFO: 订单信息：array (
  'status' => true,
  'money' => '2.00',
  'out_trade_no' => '23',
)
[ 2016-09-20T09:01:50+08:00 ] 110.75.248.46 /Payment/Notify/type/alipay/method/notify
INFO: 支付日志信息：array (
  'log_id' => '23',
  'out_id' => '17',
  'stage' => '1',
  'user_id' => '1143',
  'pay_id' => '1',
  'log_type' => '3',
  'money' => '2.00',
  'log_ip' => '175.0.139.58',
  'pay_status' => '1',
  'pay_time' => '0',
  'log_time' => '1466382392',
  'log_remark' => '',
)
[ 2016-09-20T09:14:51+08:00 ] 110.75.248.6 /Payment/Notify/type/alipay/method/notify
INFO: notify
[ 2016-09-20T09:14:51+08:00 ] 110.75.248.6 /Payment/Notify/type/alipay/method/notify
INFO: array (
  'discount' => '0.00',
  'payment_type' => '1',
  'subject' => '支付需求:房屋装修',
  'trade_no' => '2016062121001004720251145922',
  'buyer_email' => 'yanghang@foxmail.com',
  'gmt_create' => '2016-06-21 09:14:01',
  'notify_type' => 'trade_status_sync',
  'quantity' => '1',
  'out_trade_no' => '24',
  'seller_id' => '2088611544270613',
  'notify_time' => '2016-09-20 09:14:51',
  'trade_status' => 'TRADE_FINISHED',
  'is_total_fee_adjust' => 'N',
  'total_fee' => '3.00',
  'gmt_payment' => '2016-06-21 09:14:04',
  'seller_email' => 'hnzxwbb@qq.com',
  'gmt_close' => '2016-09-20 09:14:51',
  'price' => '3.00',
  'buyer_id' => '2088102329364723',
  'notify_id' => '5491ec7e74a8f02c63a8c34859707c6lk2',
  'use_coupon' => 'N',
  'sign_type' => 'MD5',
  'sign' => '5cd14cdce16903c950a6fb526b745c06',
)
[ 2016-09-20T09:14:51+08:00 ] 110.75.248.6 /Payment/Notify/type/alipay/method/notify
INFO: 订单信息：array (
  'status' => true,
  'money' => '3.00',
  'out_trade_no' => '24',
)
[ 2016-09-20T09:14:51+08:00 ] 110.75.248.6 /Payment/Notify/type/alipay/method/notify
INFO: 支付日志信息：array (
  'log_id' => '24',
  'out_id' => '17',
  'stage' => '2',
  'user_id' => '1143',
  'pay_id' => '1',
  'log_type' => '3',
  'money' => '3.00',
  'log_ip' => '175.0.139.58',
  'pay_status' => '1',
  'pay_time' => '0',
  'log_time' => '1466442831',
  'log_remark' => '',
)
[ 2016-09-20T09:25:53+08:00 ] 110.75.248.225 /Payment/Notify/type/alipay/method/notify
INFO: notify
[ 2016-09-20T09:25:53+08:00 ] 110.75.248.225 /Payment/Notify/type/alipay/method/notify
INFO: array (
  'discount' => '0.00',
  'payment_type' => '1',
  'subject' => '支付需求:房屋装修',
  'trade_no' => '2016062121001004720248318945',
  'buyer_email' => 'yanghang@foxmail.com',
  'gmt_create' => '2016-06-21 09:25:00',
  'notify_type' => 'trade_status_sync',
  'quantity' => '1',
  'out_trade_no' => '25',
  'seller_id' => '2088611544270613',
  'notify_time' => '2016-09-20 09:25:52',
  'trade_status' => 'TRADE_FINISHED',
  'is_total_fee_adjust' => 'N',
  'total_fee' => '4.00',
  'gmt_payment' => '2016-06-21 09:25:04',
  'seller_email' => 'hnzxwbb@qq.com',
  'gmt_close' => '2016-09-20 09:25:52',
  'price' => '4.00',
  'buyer_id' => '2088102329364723',
  'notify_id' => '1f36d828544bb1f656cb60a4e9871belk2',
  'use_coupon' => 'N',
  'sign_type' => 'MD5',
  'sign' => '570f2ed4177d2708255982ea71a8343e',
)
[ 2016-09-20T09:25:53+08:00 ] 110.75.248.225 /Payment/Notify/type/alipay/method/notify
INFO: 订单信息：array (
  'status' => true,
  'money' => '4.00',
  'out_trade_no' => '25',
)
[ 2016-09-20T09:25:53+08:00 ] 110.75.248.225 /Payment/Notify/type/alipay/method/notify
INFO: 支付日志信息：array (
  'log_id' => '25',
  'out_id' => '17',
  'stage' => '3',
  'user_id' => '1143',
  'pay_id' => '1',
  'log_type' => '3',
  'money' => '4.00',
  'log_ip' => '175.0.139.58',
  'pay_status' => '1',
  'pay_time' => '1466443504',
  'log_time' => '1466443493',
  'log_remark' => '',
)
[ 2016-09-20T09:27:51+08:00 ] 110.75.248.219 /Payment/Notify/type/alipay/method/notify
INFO: notify
[ 2016-09-20T09:27:51+08:00 ] 110.75.248.219 /Payment/Notify/type/alipay/method/notify
INFO: array (
  'discount' => '0.00',
  'payment_type' => '1',
  'subject' => '支付需求:房屋装修',
  'trade_no' => '2016062121001004720251888854',
  'buyer_email' => 'yanghang@foxmail.com',
  'gmt_create' => '2016-06-21 09:27:22',
  'notify_type' => 'trade_status_sync',
  'quantity' => '1',
  'out_trade_no' => '26',
  'seller_id' => '2088611544270613',
  'notify_time' => '2016-09-20 09:27:51',
  'trade_status' => 'TRADE_FINISHED',
  'is_total_fee_adjust' => 'N',
  'total_fee' => '3.00',
  'gmt_payment' => '2016-06-21 09:27:24',
  'seller_email' => 'hnzxwbb@qq.com',
  'gmt_close' => '2016-09-20 09:27:51',
  'price' => '3.00',
  'buyer_id' => '2088102329364723',
  'notify_id' => '2c11b0f71d43b220372a7fdb3465d9blk2',
  'use_coupon' => 'N',
  'sign_type' => 'MD5',
  'sign' => '2ac77a329e314cb140d947d7f1ec241b',
)
[ 2016-09-20T09:27:51+08:00 ] 110.75.248.219 /Payment/Notify/type/alipay/method/notify
INFO: 订单信息：array (
  'status' => true,
  'money' => '3.00',
  'out_trade_no' => '26',
)
[ 2016-09-20T09:27:51+08:00 ] 110.75.248.219 /Payment/Notify/type/alipay/method/notify
INFO: 支付日志信息：array (
  'log_id' => '26',
  'out_id' => '17',
  'stage' => '4',
  'user_id' => '1143',
  'pay_id' => '1',
  'log_type' => '3',
  'money' => '3.00',
  'log_ip' => '175.0.139.58',
  'pay_status' => '1',
  'pay_time' => '1466443645',
  'log_time' => '1466443624',
  'log_remark' => '',
)
[ 2016-09-20T09:32:20+08:00 ] 110.75.225.9 /payment/notify/type/alipay/method/notify
INFO: notify
[ 2016-09-20T09:32:20+08:00 ] 110.75.225.9 /payment/notify/type/alipay/method/notify
INFO: array (
  'discount' => '0.00',
  'payment_type' => '1',
  'subject' => '支付需求:开锁',
  'trade_no' => '2016092021001004090287484009',
  'buyer_email' => '15197590603',
  'gmt_create' => '2016-09-20 09:30:54',
  'notify_type' => 'trade_status_sync',
  'quantity' => '1',
  'out_trade_no' => '58',
  'seller_id' => '2088611544270613',
  'notify_time' => '2016-09-20 09:32:20',
  'trade_status' => 'TRADE_SUCCESS',
  'is_total_fee_adjust' => 'N',
  'total_fee' => '1.00',
  'gmt_payment' => '2016-09-20 09:32:20',
  'seller_email' => 'hnzxwbb@qq.com',
  'price' => '1.00',
  'buyer_id' => '2088902347329098',
  'notify_id' => 'eb79a61ad90bcbfc826ca23908abfb8gp2',
  'use_coupon' => 'N',
  'sign_type' => 'MD5',
  'sign' => '68f76040bcd3bb97151be28075c425a4',
)
[ 2016-09-20T09:32:20+08:00 ] 110.75.225.9 /payment/notify/type/alipay/method/notify
INFO: 订单信息：array (
  'status' => true,
  'money' => '1.00',
  'out_trade_no' => '58',
)
[ 2016-09-20T09:32:20+08:00 ] 110.75.225.9 /payment/notify/type/alipay/method/notify
INFO: 支付日志信息：array (
  'log_id' => '58',
  'out_id' => '62',
  'stage' => '1',
  'user_id' => '1148',
  'pay_id' => '1',
  'log_type' => '3',
  'money' => '1.00',
  'log_ip' => '113.243.51.193',
  'pay_status' => '0',
  'pay_time' => '0',
  'log_time' => '1474306128',
  'log_remark' => '',
)
[ 2016-09-20T09:32:32+08:00 ] 113.243.51.193 /payment/notify/type/alipay/method/return?buyer_email=15197590603&buyer_id=2088902347329098&exterface=create_direct_pay_by_user&is_success=T&notify_id=RqPnCoPT3K9%252Fvwbh3InWesq7U%252FHKOgj5nZ49kYbaPXSGnKjZ%252BdJ08y8Vv6b8nwBuWoz9&notify_time=2016-09-20+09%3A32%3A28&notify_type=trade_status_sync&out_trade_no=58&payment_type=1&seller_email=hnzxwbb%40qq.com&seller_id=2088611544270613&subject=%E6%94%AF%E4%BB%98%E9%9C%80%E6%B1%82%3A%E5%BC%80%E9%94%81&total_fee=1.00&trade_no=2016092021001004090287484009&trade_status=TRADE_SUCCESS&sign=8eec751fc92a0f428cb1b43ed0d56ebd&sign_type=MD5
INFO: return
[ 2016-09-20T09:32:32+08:00 ] 113.243.51.193 /payment/notify/type/alipay/method/return?buyer_email=15197590603&buyer_id=2088902347329098&exterface=create_direct_pay_by_user&is_success=T&notify_id=RqPnCoPT3K9%252Fvwbh3InWesq7U%252FHKOgj5nZ49kYbaPXSGnKjZ%252BdJ08y8Vv6b8nwBuWoz9&notify_time=2016-09-20+09%3A32%3A28&notify_type=trade_status_sync&out_trade_no=58&payment_type=1&seller_email=hnzxwbb%40qq.com&seller_id=2088611544270613&subject=%E6%94%AF%E4%BB%98%E9%9C%80%E6%B1%82%3A%E5%BC%80%E9%94%81&total_fee=1.00&trade_no=2016092021001004090287484009&trade_status=TRADE_SUCCESS&sign=8eec751fc92a0f428cb1b43ed0d56ebd&sign_type=MD5
INFO: array (
  'buyer_email' => '15197590603',
  'buyer_id' => '2088902347329098',
  'exterface' => 'create_direct_pay_by_user',
  'is_success' => 'T',
  'notify_id' => 'RqPnCoPT3K9%2Fvwbh3InWesq7U%2FHKOgj5nZ49kYbaPXSGnKjZ%2BdJ08y8Vv6b8nwBuWoz9',
  'notify_time' => '2016-09-20 09:32:28',
  'notify_type' => 'trade_status_sync',
  'out_trade_no' => '58',
  'payment_type' => '1',
  'seller_email' => 'hnzxwbb@qq.com',
  'seller_id' => '2088611544270613',
  'subject' => '支付需求:开锁',
  'total_fee' => '1.00',
  'trade_no' => '2016092021001004090287484009',
  'trade_status' => 'TRADE_SUCCESS',
  'sign' => '8eec751fc92a0f428cb1b43ed0d56ebd',
  'sign_type' => 'MD5',
)
[ 2016-09-20T09:32:32+08:00 ] 113.243.51.193 /payment/notify/type/alipay/method/return?buyer_email=15197590603&buyer_id=2088902347329098&exterface=create_direct_pay_by_user&is_success=T&notify_id=RqPnCoPT3K9%252Fvwbh3InWesq7U%252FHKOgj5nZ49kYbaPXSGnKjZ%252BdJ08y8Vv6b8nwBuWoz9&notify_time=2016-09-20+09%3A32%3A28&notify_type=trade_status_sync&out_trade_no=58&payment_type=1&seller_email=hnzxwbb%40qq.com&seller_id=2088611544270613&subject=%E6%94%AF%E4%BB%98%E9%9C%80%E6%B1%82%3A%E5%BC%80%E9%94%81&total_fee=1.00&trade_no=2016092021001004090287484009&trade_status=TRADE_SUCCESS&sign=8eec751fc92a0f428cb1b43ed0d56ebd&sign_type=MD5
INFO: 订单信息：array (
  'status' => true,
  'money' => '1.00',
  'out_trade_no' => '58',
)
[ 2016-09-20T09:32:32+08:00 ] 113.243.51.193 /payment/notify/type/alipay/method/return?buyer_email=15197590603&buyer_id=2088902347329098&exterface=create_direct_pay_by_user&is_success=T&notify_id=RqPnCoPT3K9%252Fvwbh3InWesq7U%252FHKOgj5nZ49kYbaPXSGnKjZ%252BdJ08y8Vv6b8nwBuWoz9&notify_time=2016-09-20+09%3A32%3A28&notify_type=trade_status_sync&out_trade_no=58&payment_type=1&seller_email=hnzxwbb%40qq.com&seller_id=2088611544270613&subject=%E6%94%AF%E4%BB%98%E9%9C%80%E6%B1%82%3A%E5%BC%80%E9%94%81&total_fee=1.00&trade_no=2016092021001004090287484009&trade_status=TRADE_SUCCESS&sign=8eec751fc92a0f428cb1b43ed0d56ebd&sign_type=MD5
INFO: 支付日志信息：array (
  'log_id' => '58',
  'out_id' => '62',
  'stage' => '1',
  'user_id' => '1148',
  'pay_id' => '1',
  'log_type' => '3',
  'money' => '1.00',
  'log_ip' => '113.243.51.193',
  'pay_status' => '1',
  'pay_time' => '1474306340',
  'log_time' => '1474306128',
  'log_remark' => '',
)
